Epoch 0: Iter (out of 10)= 0 1 2 3 4 5 6 7 8 9
Epoch 0 eval success rate 0.010
╒════════════════════════╤════════════════════╕
│train/AgChangeRatio/mean│       0.071        │
├────────────────────────┼────────────────────┤
│   train/success/mean   │         0.         │
├────────────────────────┼────────────────────┤
│    loss actor/mean     │        0.94        │
├────────────────────────┼────────────────────┤
│     action l2/mean     │       0.448        │
├────────────────────────┼────────────────────┤
│       q pi/mean        │       -0.935       │
├────────────────────────┼────────────────────┤
│   dt trainIter/mean    │       0.054        │
├────────────────────────┼────────────────────┤
│    dt rollout/mean     │       27.148       │
├────────────────────────┼────────────────────┤
│test/AgChangeRatio/mean │       0.002        │
├────────────────────────┼────────────────────┤
│         epoch          │         0          │
├────────────────────────┼────────────────────┤
│      test/success      │       0.010        │
├────────────────────────┼────────────────────┤
│       timesteps        │       15000        │
├────────────────────────┼────────────────────┤
│          time          │      280.977       │
├────────────────────────┼────────────────────┤
│       env steps        │       15000        │
├────────────────────────┼────────────────────┤
│       opt steps        │        5000        │
├────────────────────────┼────────────────────┤
│      replay size       │        300         │
├────────────────────────┼────────────────────┤
│      replay fill       │       0.006        │
├────────────────────────┼────────────────────┤
│        dt epoch        │        None        │
╘════════════════════════╧════════════════════╛

Epoch 1: Iter (out of 10)= 0 1 2 3 4 5 6 7 8 9
Epoch 1 eval success rate 0.000
╒════════════════════════╤════════════════════╕
│train/AgChangeRatio/mean│       0.013        │
├────────────────────────┼────────────────────┤
│    loss actor/mean     │       1.271        │
├────────────────────────┼────────────────────┤
│     action l2/mean     │       0.313        │
├────────────────────────┼────────────────────┤
│       q pi/mean        │       -1.268       │
├────────────────────────┼────────────────────┤
│   dt trainIter/mean    │       0.053        │
├────────────────────────┼────────────────────┤
│   train/success/mean   │         0.         │
├────────────────────────┼────────────────────┤
│    dt rollout/mean     │       26.835       │
├────────────────────────┼────────────────────┤
│test/AgChangeRatio/mean │         0.         │
├────────────────────────┼────────────────────┤
│         epoch          │         1          │
├────────────────────────┼────────────────────┤
│      test/success      │       0.000        │
├────────────────────────┼────────────────────┤
│       timesteps        │       25000        │
├────────────────────────┼────────────────────┤
│          time          │      554.376       │
├────────────────────────┼────────────────────┤
│       env steps        │       25000        │
├────────────────────────┼────────────────────┤
│       opt steps        │       10000        │
├────────────────────────┼────────────────────┤
│      replay size       │        500         │
├────────────────────────┼────────────────────┤
│      replay fill       │       0.010        │
├────────────────────────┼────────────────────┤
│        dt epoch        │      273.399       │
╘════════════════════════╧════════════════════╛

Epoch 2: Iter (out of 10)= 0 1 2 3 4 5 6 7 8 9
Epoch 2 eval success rate 0.003
╒════════════════════════╤════════════════════╕
│train/AgChangeRatio/mean│       0.082        │
├────────────────────────┼────────────────────┤
│    loss actor/mean     │       1.594        │
├────────────────────────┼────────────────────┤
│     action l2/mean     │       0.371        │
├────────────────────────┼────────────────────┤
│       q pi/mean        │       -1.59        │
├────────────────────────┼────────────────────┤
│   dt trainIter/mean    │       0.053        │
├────────────────────────┼────────────────────┤
│   train/success/mean   │         0.         │
├────────────────────────┼────────────────────┤
│    dt rollout/mean     │       27.004       │
├────────────────────────┼────────────────────┤
│test/AgChangeRatio/mean │       0.192        │
├────────────────────────┼────────────────────┤
│         epoch          │         2          │
├────────────────────────┼────────────────────┤
│      test/success      │       0.003        │
├────────────────────────┼────────────────────┤
│       timesteps        │       35000        │
├────────────────────────┼────────────────────┤
│          time          │      829.323       │
├────────────────────────┼────────────────────┤
│       env steps        │       35000        │
├────────────────────────┼────────────────────┤
│       opt steps        │       15000        │
├────────────────────────┼────────────────────┤
│      replay size       │        700         │
├────────────────────────┼────────────────────┤
│      replay fill       │       0.014        │
├────────────────────────┼────────────────────┤
│        dt epoch        │      274.947       │
╘════════════════════════╧════════════════════╛

Epoch 3: Iter (out of 10)= 0 1 2 3 4 5 6 7 8 9
Epoch 3 eval success rate 0.000
╒════════════════════════╤════════════════════╕
│train/AgChangeRatio/mean│       0.151        │
├────────────────────────┼────────────────────┤
│    loss actor/mean     │       2.009        │
├────────────────────────┼────────────────────┤
│     action l2/mean     │       0.349        │
├────────────────────────┼────────────────────┤
│       q pi/mean        │       -2.006       │
├────────────────────────┼────────────────────┤
│   dt trainIter/mean    │       0.054        │
├────────────────────────┼────────────────────┤
│   train/success/mean   │         0.         │
├────────────────────────┼────────────────────┤
│    dt rollout/mean     │       27.203       │
├────────────────────────┼────────────────────┤
│test/AgChangeRatio/mean │       0.254        │
├────────────────────────┼────────────────────┤
│         epoch          │         3          │
├────────────────────────┼────────────────────┤
│      test/success      │       0.000        │
├────────────────────────┼────────────────────┤
│       timesteps        │       45000        │
├────────────────────────┼────────────────────┤
│          time          │      1106.178      │
├────────────────────────┼────────────────────┤
│       env steps        │       45000        │
├────────────────────────┼────────────────────┤
│       opt steps        │       20000        │
├────────────────────────┼────────────────────┤
│      replay size       │        900         │
├────────────────────────┼────────────────────┤
│      replay fill       │       0.018        │
├────────────────────────┼────────────────────┤
│        dt epoch        │      276.855       │
╘════════════════════════╧════════════════════╛

Epoch 4: Iter (out of 10)= 0 1 2 3 4 5 6 7 8 9
Epoch 4 eval success rate 0.000
╒════════════════════════╤════════════════════╕
│train/AgChangeRatio/mean│       0.241        │
├────────────────────────┼────────────────────┤
│    loss actor/mean     │        2.48        │
├────────────────────────┼────────────────────┤
│     action l2/mean     │       0.343        │
├────────────────────────┼────────────────────┤
│       q pi/mean        │       -2.477       │
├────────────────────────┼────────────────────┤
│   dt trainIter/mean    │       0.054        │
├────────────────────────┼────────────────────┤
│   train/success/mean   │       0.005        │
├────────────────────────┼────────────────────┤
│    dt rollout/mean     │       27.193       │
├────────────────────────┼────────────────────┤
│test/AgChangeRatio/mean │       0.182        │
├────────────────────────┼────────────────────┤
│         epoch          │         4          │
├────────────────────────┼────────────────────┤
│      test/success      │       0.000        │
├────────────────────────┼────────────────────┤
│       timesteps        │       55000        │
├────────────────────────┼────────────────────┤
│          time          │      1382.829      │
├────────────────────────┼────────────────────┤
│       env steps        │       55000        │
├────────────────────────┼────────────────────┤
│       opt steps        │       25000        │
├────────────────────────┼────────────────────┤
│      replay size       │        1100        │
├────────────────────────┼────────────────────┤
│      replay fill       │       0.022        │
├────────────────────────┼────────────────────┤
│        dt epoch        │      276.651       │
╘════════════════════════╧════════════════════╛

Epoch 5: Iter (out of 10)= 0 1 2 3 4 5 6 7 8 9
Epoch 5 eval success rate 0.000
╒════════════════════════╤════════════════════╕
│train/AgChangeRatio/mean│       0.166        │
├────────────────────────┼────────────────────┤
│    loss actor/mean     │       2.927        │
├────────────────────────┼────────────────────┤
│     action l2/mean     │       0.242        │
├────────────────────────┼────────────────────┤
│       q pi/mean        │       -2.925       │
├────────────────────────┼────────────────────┤
│   dt trainIter/mean    │       0.054        │
├────────────────────────┼────────────────────┤
│   train/success/mean   │       0.005        │
├────────────────────────┼────────────────────┤
│    dt rollout/mean     │       27.135       │
├────────────────────────┼────────────────────┤
│test/AgChangeRatio/mean │       0.366        │
├────────────────────────┼────────────────────┤
│         epoch          │         5          │
├────────────────────────┼────────────────────┤
│      test/success      │       0.000        │
├────────────────────────┼────────────────────┤
│       timesteps        │       65000        │
├────────────────────────┼────────────────────┤
│          time          │      1659.080      │
├────────────────────────┼────────────────────┤
│       env steps        │       65000        │
├────────────────────────┼────────────────────┤
│       opt steps        │       30000        │
├────────────────────────┼────────────────────┤
│      replay size       │        1300        │
├────────────────────────┼────────────────────┤
│      replay fill       │       0.026        │
├────────────────────────┼────────────────────┤
│        dt epoch        │      276.251       │
╘════════════════════════╧════════════════════╛

Epoch 6: Iter (out of 10)= 0 1 2 3 