Epoch 0: Iter (out of 10)= 0 1 2 3 4 5 6 7 8 9
Epoch 0 eval success rate 0.010
╒════════════════════════╤════════════════════╕
│train/AgChangeRatio/mean│       0.082        │
├────────────────────────┼────────────────────┤
│   train/success/mean   │         0.         │
├────────────────────────┼────────────────────┤
│    loss actor/mean     │       0.763        │
├────────────────────────┼────────────────────┤
│     action l2/mean     │       0.387        │
├────────────────────────┼────────────────────┤
│       q pi/mean        │       -0.759       │
├────────────────────────┼────────────────────┤
│   dt trainIter/mean    │       0.036        │
├────────────────────────┼────────────────────┤
│    dt rollout/mean     │       18.124       │
├────────────────────────┼────────────────────┤
│test/AgChangeRatio/mean │       0.005        │
├────────────────────────┼────────────────────┤
│         epoch          │         0          │
├────────────────────────┼────────────────────┤
│      test/success      │       0.010        │
├────────────────────────┼────────────────────┤
│       timesteps        │       15000        │
├────────────────────────┼────────────────────┤
│          time          │      195.737       │
├────────────────────────┼────────────────────┤
│       env steps        │       15000        │
├────────────────────────┼────────────────────┤
│       opt steps        │        5000        │
├────────────────────────┼────────────────────┤
│      replay size       │        300         │
├────────────────────────┼────────────────────┤
│      replay fill       │       0.006        │
├────────────────────────┼────────────────────┤
│        dt epoch        │        None        │
╘════════════════════════╧════════════════════╛

Epoch 1: Iter (out of 10)= 0 1 2 3 4 5 6 7 8 9
Epoch 1 eval success rate 0.007
╒════════════════════════╤════════════════════╕
│train/AgChangeRatio/mean│        0.17        │
├────────────────────────┼────────────────────┤
│    loss actor/mean     │       1.176        │
├────────────────────────┼────────────────────┤
│     action l2/mean     │       0.292        │
├────────────────────────┼────────────────────┤
│       q pi/mean        │       -1.173       │
├────────────────────────┼────────────────────┤
│   dt trainIter/mean    │       0.036        │
├────────────────────────┼────────────────────┤
│   train/success/mean   │         0.         │
├────────────────────────┼────────────────────┤
│    dt rollout/mean     │       18.536       │
├────────────────────────┼────────────────────┤
│test/AgChangeRatio/mean │       0.425        │
├────────────────────────┼────────────────────┤
│         epoch          │         1          │
├────────────────────────┼────────────────────┤
│      test/success      │       0.007        │
├────────────────────────┼────────────────────┤
│       timesteps        │       25000        │
├────────────────────────┼────────────────────┤
│          time          │      386.226       │
├────────────────────────┼────────────────────┤
│       env steps        │       25000        │
├────────────────────────┼────────────────────┤
│       opt steps        │       10000        │
├────────────────────────┼────────────────────┤
│      replay size       │        500         │
├────────────────────────┼────────────────────┤
│      replay fill       │       0.010        │
├────────────────────────┼────────────────────┤
│        dt epoch        │      190.489       │
╘════════════════════════╧════════════════════╛

Epoch 2: Iter (out of 10)= 0 1 2 3 4 5 6 7 8 9
Epoch 2 eval success rate 0.003
╒════════════════════════╤════════════════════╕
│train/AgChangeRatio/mean│       0.269        │
├────────────────────────┼────────────────────┤
│    loss actor/mean     │       1.673        │
├────────────────────────┼────────────────────┤
│     action l2/mean     │       0.079        │
├────────────────────────┼────────────────────┤
│       q pi/mean        │       -1.672       │
├────────────────────────┼────────────────────┤
│   dt trainIter/mean    │       0.036        │
├────────────────────────┼────────────────────┤
│   train/success/mean   │         0.         │
├────────────────────────┼────────────────────┤
│    dt rollout/mean     │       18.195       │
├────────────────────────┼────────────────────┤
│test/AgChangeRatio/mean │        0.19        │
├────────────────────────┼────────────────────┤
│         epoch          │         2          │
├────────────────────────┼────────────────────┤
│      test/success      │       0.003        │
├────────────────────────┼────────────────────┤
│       timesteps        │       35000        │
├────────────────────────┼────────────────────┤
│          time          │      572.897       │
├────────────────────────┼────────────────────┤
│       env steps        │       35000        │
├────────────────────────┼────────────────────┤
│       opt steps        │       15000        │
├────────────────────────┼────────────────────┤
│      replay size       │        700         │
├────────────────────────┼────────────────────┤
│      replay fill       │       0.014        │
├────────────────────────┼────────────────────┤
│        dt epoch        │      186.671       │
╘════════════════════════╧════════════════════╛

Epoch 3: Iter (out of 10)= 0 1 2 3 4 5 6 7 8 9
Epoch 3 eval success rate 0.000
╒════════════════════════╤════════════════════╕
│train/AgChangeRatio/mean│       0.355        │
├────────────────────────┼────────────────────┤
│    loss actor/mean     │       2.188        │
├────────────────────────┼────────────────────┤
│     action l2/mean     │       0.098        │
├────────────────────────┼────────────────────┤
│       q pi/mean        │       -2.187       │
├────────────────────────┼────────────────────┤
│   dt trainIter/mean    │       0.035        │
├────────────────────────┼────────────────────┤
│   train/success/mean   │        0.01        │
├────────────────────────┼────────────────────┤
│    dt rollout/mean     │       17.931       │
├────────────────────────┼────────────────────┤
│test/AgChangeRatio/mean │       0.428        │
├────────────────────────┼────────────────────┤
│         epoch          │         3          │
├────────────────────────┼────────────────────┤
│      test/success      │       0.000        │
├────────────────────────┼────────────────────┤
│       timesteps        │       45000        │
├────────────────────────┼────────────────────┤
│          time          │      757.025       │
├────────────────────────┼────────────────────┤
│       env steps        │       45000        │
├────────────────────────┼────────────────────┤
│       opt steps        │       20000        │
├────────────────────────┼────────────────────┤
│      replay size       │        900         │
├────────────────────────┼────────────────────┤
│      replay fill       │       0.018        │
├────────────────────────┼────────────────────┤
│        dt epoch        │      184.128       │
╘════════════════════════╧════════════════════╛

Epoch 4: Iter (out of 10)= 0 1 2 3 4 5 6 7 8 9
Epoch 4 eval success rate 0.000
╒════════════════════════╤════════════════════╕
│train/AgChangeRatio/mean│       0.412        │
├────────────────────────┼────────────────────┤
│    loss actor/mean     │       2.778        │
├────────────────────────┼────────────────────┤
│     action l2/mean     │        0.09        │
├────────────────────────┼────────────────────┤
│       q pi/mean        │       -2.778       │
├────────────────────────┼────────────────────┤
│   dt trainIter/mean    │       0.033        │
├────────────────────────┼────────────────────┤
│   train/success/mean   │        0.01        │
├────────────────────────┼────────────────────┤
│    dt rollout/mean     │       17.058       │
├────────────────────────┼────────────────────┤
│test/AgChangeRatio/mean │       0.421        │
├────────────────────────┼────────────────────┤
│         epoch          │         4          │
├────────────────────────┼────────────────────┤
│      test/success      │       0.000        │
├────────────────────────┼────────────────────┤
│       timesteps        │       55000        │
├────────────────────────┼────────────────────┤
│          time          │      932.299       │
├────────────────────────┼────────────────────┤
│       env steps        │       55000        │
├────────────────────────┼────────────────────┤
│       opt steps        │       25000        │
├────────────────────────┼────────────────────┤
│      replay size       │        1100        │
├────────────────────────┼────────────────────┤
│      replay fill       │       0.022        │
├────────────────────────┼────────────────────┤
│        dt epoch        │      175.274       │
╘════════════════════════╧════════════════════╛

Epoch 5: Iter (out of 10)= 0 1 2 3 4 5 6 7 8 9
Epoch 5 eval success rate 0.000
╒════════════════════════╤════════════════════╕
│train/AgChangeRatio/mean│        0.48        │
├────────────────────────┼────────────────────┤
│    loss actor/mean     │       3.379        │
├────────────────────────┼────────────────────┤
│     action l2/mean     │       0.091        │
├────────────────────────┼────────────────────┤
│       q pi/mean        │       -3.378       │
├────────────────────────┼────────────────────┤
│   dt trainIter/mean    │       0.036        │
├────────────────────────┼────────────────────┤
│   train/success/mean   │         0.         │
├────────────────────────┼────────────────────┤
│    dt rollout/mean     │       18.069       │
├────────────────────────┼────────────────────┤
│test/AgChangeRatio/mean │       0.396        │
├────────────────────────┼────────────────────┤
│         epoch          │         5          │
├────────────────────────┼────────────────────┤
│      test/success      │       0.000        │
├────────────────────────┼────────────────────┤
│       timesteps        │       65000        │
├────────────────────────┼────────────────────┤
│          time          │      1117.598      │
├────────────────────────┼────────────────────┤
│       env steps        │       65000        │
├────────────────────────┼────────────────────┤
│       opt steps        │       30000        │
├────────────────────────┼────────────────────┤
│      replay size       │        1300        │
├────────────────────────┼────────────────────┤
│      replay fill       │       0.026        │
├────────────────────────┼────────────────────┤
│        dt epoch        │      185.299       │
╘════════════════════════╧════════════════════╛

Epoch 6: Iter (out of 10)= 0 1 2 3 4 5 6 7 8 9
Epoch 6 eval success rate 0.000
╒════════════════════════╤════════════════════╕
│train/AgChangeRatio/mean│       0.498        │
├────────────────────────┼────────────────────┤
│    loss actor/mean     │       3.965        │
├────────────────────────┼────────────────────┤
│     action l2/mean     │       0.089        │
├────────────────────────┼────────────────────┤
│       q pi/mean        │       -3.964       │
├────────────────────────┼────────────────────┤
│   dt trainIter/mean    │       0.034        │
├────────────────────────┼────────────────────┤
│   train/success/mean   │         0.         │
├────────────────────────┼────────────────────┤
│    dt rollout/mean     │       17.163       │
├────────────────────────┼────────────────────┤
│test/AgChangeRatio/mean │        0.57        │
├────────────────────────┼────────────────────┤
│         epoch          │         6          │
├────────────────────────┼────────────────────┤
│      test/success      │       0.000        │
├────────────────────────┼────────────────────┤
│       timesteps        │       75000        │
├────────────────────────┼────────────────────┤
│          time          │      1293.917      │
├────────────────────────┼────────────────────┤
│       env steps        │       75000        │
├────────────────────────┼────────────────────┤
│       opt steps        │       35000        │
├────────────────────────┼────────────────────┤
│      replay size       │        1500        │
├────────────────────────┼────────────────────┤
│      replay fill       │       0.030        │
├────────────────────────┼────────────────────┤
│        dt epoch        │      176.320       │
╘════════════════════════╧════════════════════╛

Epoch 7: Iter (out of 10)= 0 1 2 3 4 5 6 7 8 9
Epoch 7 eval success rate 0.007
╒════════════════════════╤════════════════════╕
│train/AgChangeRatio/mean│       0.594        │
├────────────────────────┼────────────────────┤
│    loss actor/mean     │       4.537        │
├────────────────────────┼────────────────────┤
│     action l2/mean     │       0.092        │
├────────────────────────┼────────────────────┤
│       q pi/mean        │       -4.536       │
├────────────────────────┼────────────────────┤
│   dt trainIter/mean    │       0.034        │
├────────────────────────┼────────────────────┤
│   train/success/mean   │         0.         │
├────────────────────────┼────────────────────┤
│    dt rollout/mean     │       17.188       │
├────────────────────────┼────────────────────┤
│test/AgChangeRatio/mean │       0.778        │
├────────────────────────┼────────────────────┤
│         epoch          │         7          │
├────────────────────────┼────────────────────┤
│      test/success      │       0.007        │
├────────────────────────┼────────────────────┤
│       timesteps        │       85000        │
├────────────────────────┼────────────────────┤
│          time          │      1470.316      │
├────────────────────────┼────────────────────┤
│       env steps        │       85000        │
├────────────────────────┼────────────────────┤
│       opt steps        │       40000        │
├────────────────────────┼────────────────────┤
│      replay size       │        1700        │
├────────────────────────┼────────────────────┤
│      replay fill       │       0.034        │
├────────────────────────┼────────────────────┤
│        dt epoch        │      176.399       │
╘════════════════════════╧════════════════════╛

Epoch 8: Iter (out of 10)= 0 1 2 3 4 5 6 7 8 9
Epoch 8 eval success rate 0.007
╒════════════════════════╤════════════════════╕
│train/AgChangeRatio/mean│       0.795        │
├────────────────────────┼────────────────────┤
│    loss actor/mean     │       5.131        │
├────────────────────────┼────────────────────┤
│     action l2/mean     │       0.118        │
├────────────────────────┼────────────────────┤
│       q pi/mean        │       -5.13        │
├────────────────────────┼────────────────────┤
│   dt trainIter/mean    │       0.033        │
├────────────────────────┼────────────────────┤
│   train/success/mean   │         0.         │
├────────────────────────┼────────────────────┤
│    dt rollout/mean     │       16.65        │
├────────────────────────┼────────────────────┤
│test/AgChangeRatio/mean │       0.903        │
├────────────────────────┼────────────────────┤
│         epoch          │         8          │
├────────────────────────┼────────────────────┤
│      test/success      │       0.007        │
├────────────────────────┼────────────────────┤
│       timesteps        │       95000        │
├────────────────────────┼────────────────────┤
│          time          │      1641.756      │
├────────────────────────┼────────────────────┤
│       env steps        │       95000        │
├────────────────────────┼────────────────────┤
│       opt steps        │       45000        │
├────────────────────────┼────────────────────┤
│      replay size       │        1900        │
├────────────────────────┼────────────────────┤
│      replay fill       │       0.038        │
├────────────────────────┼────────────────────┤
│        dt epoch        │      171.440       │
╘════════════════════════╧════════════════════╛

Epoch 9: Iter (out of 10)= 0 1 2 3 4 5 6 7 