Epoch 0: Iter (out of 10)= 0 1 2 3 4 5 6 7 8 9
Epoch 0 eval success rate 0.010
╒════════════════════════╤════════════════════╕
│train/AgChangeRatio/mean│       0.076        │
├────────────────────────┼────────────────────┤
│   train/success/mean   │       0.003        │
├────────────────────────┼────────────────────┤
│    loss actor/mean     │       16.171       │
├────────────────────────┼────────────────────┤
│     action l2/mean     │       0.969        │
├────────────────────────┼────────────────────┤
│       q pi/mean        │      -16.161       │
├────────────────────────┼────────────────────┤
│   dt trainIter/mean    │       0.056        │
├────────────────────────┼────────────────────┤
│    dt rollout/mean     │       28.199       │
├────────────────────────┼────────────────────┤
│test/AgChangeRatio/mean │         0.         │
├────────────────────────┼────────────────────┤
│         epoch          │         0          │
├────────────────────────┼────────────────────┤
│      test/success      │       0.010        │
├────────────────────────┼────────────────────┤
│       timesteps        │       15000        │
├────────────────────────┼────────────────────┤
│          time          │      293.563       │
├────────────────────────┼────────────────────┤
│       env steps        │       15000        │
├────────────────────────┼────────────────────┤
│       opt steps        │        5000        │
├────────────────────────┼────────────────────┤
│      replay size       │        300         │
├────────────────────────┼────────────────────┤
│      replay fill       │       0.006        │
├────────────────────────┼────────────────────┤
│        dt epoch        │        None        │
╘════════════════════════╧════════════════════╛

Epoch 1: Iter (out of 10)= 0 1 2 3 4 5 6 7 8 9
Epoch 1 eval success rate 0.000
╒════════════════════════╤════════════════════╕
│train/AgChangeRatio/mean│       0.037        │
├────────────────────────┼────────────────────┤
│    loss actor/mean     │       12.953       │
├────────────────────────┼────────────────────┤
│     action l2/mean     │       0.949        │
├────────────────────────┼────────────────────┤
│       q pi/mean        │      -12.943       │
├────────────────────────┼────────────────────┤
│   dt trainIter/mean    │       0.055        │
├────────────────────────┼────────────────────┤
│   train/success/mean   │         0.         │
├────────────────────────┼────────────────────┤
│    dt rollout/mean     │       28.038       │
├────────────────────────┼────────────────────┤
│test/AgChangeRatio/mean │       0.233        │
├────────────────────────┼────────────────────┤
│         epoch          │         1          │
├────────────────────────┼────────────────────┤
│      test/success      │       0.000        │
├────────────────────────┼────────────────────┤
│       timesteps        │       25000        │
├────────────────────────┼────────────────────┤
│          time          │      578.696       │
├────────────────────────┼────────────────────┤
│       env steps        │       25000        │
├────────────────────────┼────────────────────┤
│       opt steps        │       10000        │
├────────────────────────┼────────────────────┤
│      replay size       │        500         │
├────────────────────────┼────────────────────┤
│      replay fill       │       0.010        │
├────────────────────────┼────────────────────┤
│        dt epoch        │      285.134       │
╘════════════════════════╧════════════════════╛

Epoch 2: Iter (out of 10)= 0 1 2 3 4 5 6 7 8 9
Epoch 2 eval success rate 0.007
╒════════════════════════╤════════════════════╕
│train/AgChangeRatio/mean│       0.211        │
├────────────────────────┼────────────────────┤
│    loss actor/mean     │       11.425       │
├────────────────────────┼────────────────────┤
│     action l2/mean     │       0.264        │
├────────────────────────┼────────────────────┤
│       q pi/mean        │      -11.423       │
├────────────────────────┼────────────────────┤
│   dt trainIter/mean    │       0.055        │
├────────────────────────┼────────────────────┤
│   train/success/mean   │         0.         │
├────────────────────────┼────────────────────┤
│    dt rollout/mean     │       27.835       │
├────────────────────────┼────────────────────┤
│test/AgChangeRatio/mean │       0.145        │
├────────────────────────┼────────────────────┤
│         epoch          │         2          │
├────────────────────────┼────────────────────┤
│      test/success      │       0.007        │
├────────────────────────┼────────────────────┤
│       timesteps        │       35000        │
├────────────────────────┼────────────────────┤
│          time          │      861.880       │
├────────────────────────┼────────────────────┤
│       env steps        │       35000        │
├────────────────────────┼────────────────────┤
│       opt steps        │       15000        │
├────────────────────────┼────────────────────┤
│      replay size       │        700         │
├────────────────────────┼────────────────────┤
│      replay fill       │       0.014        │
├────────────────────────┼────────────────────┤
│        dt epoch        │      283.184       │
╘════════════════════════╧════════════════════╛

Epoch 3: Iter (out of 10)= 0 1 2 3 4 5 6 7 8 9
Epoch 3 eval success rate 0.003
╒════════════════════════╤════════════════════╕
│train/AgChangeRatio/mean│       0.469        │
├────────────────────────┼────────────────────┤
│    loss actor/mean     │       12.541       │
├────────────────────────┼────────────────────┤
│     action l2/mean     │       0.223        │
├────────────────────────┼────────────────────┤
│       q pi/mean        │      -12.539       │
├────────────────────────┼────────────────────┤
│   dt trainIter/mean    │       0.054        │
├────────────────────────┼────────────────────┤
│   train/success/mean   │        0.01        │
├────────────────────────┼────────────────────┤
│    dt rollout/mean     │       27.349       │
├────────────────────────┼────────────────────┤
│test/AgChangeRatio/mean │       0.652        │
├────────────────────────┼────────────────────┤
│         epoch          │         3          │
├────────────────────────┼────────────────────┤
│      test/success      │       0.003        │
├────────────────────────┼────────────────────┤
│       timesteps        │       45000        │
├────────────────────────┼────────────────────┤
│          time          │      1140.173      │
├────────────────────────┼────────────────────┤
│       env steps        │       45000        │
├────────────────────────┼────────────────────┤
│       opt steps        │       20000        │
├────────────────────────┼────────────────────┤
│      replay size       │        900         │
├────────────────────────┼────────────────────┤
│      replay fill       │       0.018        │
├────────────────────────┼────────────────────┤
│        dt epoch        │      278.293       │
╘════════════════════════╧════════════════════╛

Epoch 4: Iter (out of 10)= 0 1 2 3 4 5 6 7 8 9
Epoch 4 eval success rate 0.020
╒════════════════════════╤════════════════════╕
│train/AgChangeRatio/mean│       0.597        │
├────────────────────────┼────────────────────┤
│    loss actor/mean     │       12.727       │
├────────────────────────┼────────────────────┤
│     action l2/mean     │       0.202        │
├────────────────────────┼────────────────────┤
│       q pi/mean        │      -12.725       │
├────────────────────────┼────────────────────┤
│   dt trainIter/mean    │       0.054        │
├────────────────────────┼────────────────────┤
│   train/success/mean   │       0.015        │
├────────────────────────┼────────────────────┤
│    dt rollout/mean     │       27.44        │
├────────────────────────┼────────────────────┤
│test/AgChangeRatio/mean │       0.611        │
├────────────────────────┼────────────────────┤
│         epoch          │         4          │
├────────────────────────┼────────────────────┤
│      test/success      │       0.020        │
├────────────────────────┼────────────────────┤
│       timesteps        │       55000        │
├────────────────────────┼────────────────────┤
│          time          │      1419.486      │
├────────────────────────┼────────────────────┤
│       env steps        │       55000        │
├────────────────────────┼────────────────────┤
│       opt steps        │       25000        │
├────────────────────────┼────────────────────┤
│      replay size       │        1100        │
├────────────────────────┼────────────────────┤
│      replay fill       │       0.022        │
├────────────────────────┼────────────────────┤
│        dt epoch        │      279.314       │
╘════════════════════════╧════════════════════╛

Epoch 5: Iter (out of 10)= 0 1 2 3 4 5 6 7 8 9
Epoch 5 eval success rate 0.040
╒════════════════════════╤════════════════════╕
│train/AgChangeRatio/mean│       0.796        │
├────────────────────────┼────────────────────┤
│    loss actor/mean     │       13.143       │
├────────────────────────┼────────────────────┤
│     action l2/mean     │       0.232        │
├────────────────────────┼────────────────────┤
│       q pi/mean        │       -13.14       │
├────────────────────────┼────────────────────┤
│   dt trainIter/mean    │       0.055        │
├────────────────────────┼────────────────────┤
│   train/success/mean   │       0.025        │
├────────────────────────┼────────────────────┤
│    dt rollout/mean     │       27.578       │
├────────────────────────┼────────────────────┤
│test/AgChangeRatio/mean │       0.857        │
├────────────────────────┼────────────────────┤
│         epoch          │         5          │
├────────────────────────┼────────────────────┤
│      test/success      │       0.040        │
├────────────────────────┼────────────────────┤
│       timesteps        │       65000        │
├────────────────────────┼────────────────────┤
│          time          │      1700.057      │
├────────────────────────┼────────────────────┤
│       env steps        │       65000        │
├────────────────────────┼────────────────────┤
│       opt steps        │       30000        │
├────────────────────────┼────────────────────┤
│      replay size       │        1300        │
├────────────────────────┼────────────────────┤
│      replay fill       │       0.026        │
├────────────────────────┼────────────────────┤
│        dt epoch        │      280.570       │
╘════════════════════════╧════════════════════╛

Epoch 6: Iter (out of 10)= 0 1 2 3 4 5 6 7 8 9
Epoch 6 eval success rate 0.037
╒════════════════════════╤════════════════════╕
│train/AgChangeRatio/mean│       0.832        │
├────────────────────────┼────────────────────┤
│    loss actor/mean     │       13.81        │
├────────────────────────┼────────────────────┤
│     action l2/mean     │       0.284        │
├────────────────────────┼────────────────────┤
│       q pi/mean        │      -13.807       │
├────────────────────────┼────────────────────┤
│   dt trainIter/mean    │       0.056        │
├────────────────────────┼────────────────────┤
│   train/success/mean   │       0.025        │
├────────────────────────┼────────────────────┤
│    dt rollout/mean     │       28.297       │
├────────────────────────┼────────────────────┤
│test/AgChangeRatio/mean │       0.862        │
├────────────────────────┼────────────────────┤
│         epoch          │         6          │
├────────────────────────┼────────────────────┤
│      test/success      │       0.037        │
├────────────────────────┼────────────────────┤
│       timesteps        │       75000        │
├────────────────────────┼────────────────────┤
│          time          │      1987.712      │
├────────────────────────┼────────────────────┤
│       env steps        │       75000        │
├────────────────────────┼────────────────────┤
│       opt steps        │       35000        │
├────────────────────────┼────────────────────┤
│      replay size       │        1500        │
├────────────────────────┼────────────────────┤
│      replay fill       │       0.030        │
├────────────────────────┼────────────────────┤
│        dt epoch        │      287.655       │
╘════════════════════════╧════════════════════╛

Epoch 7: Iter (out of 10)= 0 1 2 3 4 5 6 7 8 9
Epoch 7 eval success rate 0.037
╒════════════════════════╤════════════════════╕
│train/AgChangeRatio/mean│       0.831        │
├────────────────────────┼────────────────────┤
│    loss actor/mean     │       13.898       │
├────────────────────────┼────────────────────┤
│     action l2/mean     │       0.278        │
├────────────────────────┼────────────────────┤
│       q pi/mean        │      -13.895       │
├────────────────────────┼────────────────────┤
│   dt trainIter/mean    │       0.055        │
├────────────────────────┼────────────────────┤
│   train/success/mean   │        0.04        │
├────────────────────────┼────────────────────┤
│    dt rollout/mean     │       27.919       │
├────────────────────────┼────────────────────┤
│test/AgChangeRatio/mean │       0.844        │
├────────────────────────┼────────────────────┤
│         epoch          │         7          │
├────────────────────────┼────────────────────┤
│      test/success      │       0.037        │
├────────────────────────┼────────────────────┤
│       timesteps        │       85000        │
├────────────────────────┼────────────────────┤
│          time          │      2271.740      │
├────────────────────────┼────────────────────┤
│       env steps        │       85000        │
├────────────────────────┼────────────────────┤
│       opt steps        │       40000        │
├────────────────────────┼────────────────────┤
│      replay size       │        1700        │
├────────────────────────┼────────────────────┤
│      replay fill       │       0.034        │
├────────────────────────┼────────────────────┤
│        dt epoch        │      284.028       │
╘════════════════════════╧════════════════════╛

Epoch 8: Iter (out of 10)= 0 1 2 3 4 5 6 7 8 9
Epoch 8 eval success rate 0.057
╒════════════════════════╤════════════════════╕
│train/AgChangeRatio/mean│       0.835        │
├────────────────────────┼────────────────────┤
│    loss actor/mean     │       14.301       │
├────────────────────────┼────────────────────┤
│     action l2/mean     │       0.256        │
├────────────────────────┼────────────────────┤
│       q pi/mean        │      -14.298       │
├────────────────────────┼────────────────────┤
│   dt trainIter/mean    │       0.055        │
├────────────────────────┼────────────────────┤
│   train/success/mean   │       0.035        │
├────────────────────────┼────────────────────┤
│    dt rollout/mean     │       27.552       │
├────────────────────────┼────────────────────┤
│test/AgChangeRatio/mean │        0.87        │
├────────────────────────┼────────────────────┤
│         epoch          │         8          │
├────────────────────────┼────────────────────┤
│      test/success      │       0.057        │
├────────────────────────┼────────────────────┤
│       timesteps        │       95000        │
├────────────────────────┼────────────────────┤
│          time          │      2552.100      │
├────────────────────────┼────────────────────┤
│       env steps        │       95000        │
├────────────────────────┼────────────────────┤
│       opt steps        │       45000        │
├────────────────────────┼────────────────────┤
│      replay size       │        1900        │
├────────────────────────┼────────────────────┤
│      replay fill       │       0.038        │
├────────────────────────┼────────────────────┤
│        dt epoch        │      280.360       │
╘════════════════════════╧════════════════════╛

Epoch 9: Iter (out of 10)= 0 1 2 3 4 5 6 7 8 9
Epoch 9 eval success rate 0.057
╒════════════════════════╤════════════════════╕
│train/AgChangeRatio/mean│       0.816        │
├────────────────────────┼────────────────────┤
│    loss actor/mean     │       14.535       │
├────────────────────────┼────────────────────┤
│     action l2/mean     │       0.255        │
├────────────────────────┼────────────────────┤
│       q pi/mean        │      -14.532       │
├────────────────────────┼────────────────────┤
│   dt trainIter/mean    │       0.054        │
├────────────────────────┼────────────────────┤
│   train/success/mean   │        0.03        │
├────────────────────────┼────────────────────┤
│    dt rollout/mean     │       27.469       │
├────────────────────────┼────────────────────┤
│test/AgChangeRatio/mean │       0.802        │
├────────────────────────┼────────────────────┤
│         epoch          │         9          │
├────────────────────────┼────────────────────┤
│      test/success      │       0.057        │
├────────────────────────┼────────────────────┤
│       timesteps        │       105000       │
├────────────────────────┼────────────────────┤
│          time          │      2831.548      │
├────────────────────────┼────────────────────┤
│       env steps        │       105000       │
├────────────────────────┼────────────────────┤
│       opt steps        │       50000        │
├────────────────────────┼────────────────────┤
│      replay size       │        2100        │
├────────────────────────┼────────────────────┤
│      replay fill       │       0.042        │
├────────────────────────┼────────────────────┤
│        dt epoch        │      279.448       │
╘════════════════════════╧════════════════════╛

Epoch 10: Iter (out of 10)= 0 1 2 3 4 5 6 7 8 9
Epoch 10 eval success rate 0.100
╒════════════════════════╤════════════════════╕
│train/AgChangeRatio/mean│       0.769        │
├────────────────────────┼────────────────────┤
│    loss actor/mean     │       15.129       │
├────────────────────────┼────────────────────┤
│     action l2/mean     │       0.268        │
├────────────────────────┼────────────────────┤
│       q pi/mean        │      -15.127       │
├────────────────────────┼────────────────────┤
│   dt trainIter/mean    │       0.055        │
├────────────────────────┼────────────────────┤
│   train/success/mean   │       0.065        │
├────────────────────────┼────────────────────┤
│    dt rollout/mean     │       27.819       │
├────────────────────────┼────────────────────┤
│test/AgChangeRatio/mean │       0.809        │
├────────────────────────┼────────────────────┤
│         epoch          │         10         │
├────────────────────────┼────────────────────┤
│      test/success      │       0.100        │
├────────────────────────┼────────────────────┤
│       timesteps        │       115000       │
├────────────────────────┼────────────────────┤
│          time          │      3114.687      │
├────────────────────────┼────────────────────┤
│       env steps        │       115000       │
├────────────────────────┼────────────────────┤
│       opt steps        │       55000        │
├────────────────────────┼────────────────────┤
│      replay size       │        2300        │
├────────────────────────┼────────────────────┤
│      replay fill       │       0.046        │
├────────────────────────┼────────────────────┤
│        dt epoch        │      283.139       │
╘════════════════════════╧════════════════════╛

Epoch 11: Iter (out of 10)= 0 1 2 3 4 5 6 7 8 9
Epoch 11 eval success rate 0.080
╒════════════════════════╤════════════════════╕
│train/AgChangeRatio/mean│       0.767        │
├────────────────────────┼────────────────────┤
│    loss actor/mean     │       15.464       │
├────────────────────────┼────────────────────┤
│     action l2/mean     │       0.281        │
├────────────────────────┼────────────────────┤
│       q pi/mean        │      -15.461       │
├────────────────────────┼────────────────────┤
│   dt trainIter/mean    │       0.055        │
├────────────────────────┼────────────────────┤
│   train/success/mean   │        0.05        │
├────────────────────────┼────────────────────┤
│    dt rollout/mean     │       27.798       │
├────────────────────────┼────────────────────┤
│test/AgChangeRatio/mean │       0.811        │
├────────────────────────┼────────────────────┤
│         epoch          │         11         │
├────────────────────────┼────────────────────┤
│      test/success      │       0.080        │
├────────────────────────┼────────────────────┤
│       timesteps        │       125000       │
├────────────────────────┼────────────────────┤
│          time          │      3397.573      │
├────────────────────────┼────────────────────┤
│       env steps        │       125000       │
├────────────────────────┼────────────────────┤
│       opt steps        │       60000        │
├────────────────────────┼────────────────────┤
│      replay size       │        2500        │
├────────────────────────┼────────────────────┤
│      replay fill       │       0.050        │
├────────────────────────┼────────────────────┤
│        dt epoch        │      282.886       │
╘════════════════════════╧════════════════════╛

Epoch 12: Iter (out of 10)= 0 1 2 3 4 5 6 7 8 9
Epoch 12 eval success rate 0.113
╒════════════════════════╤════════════════════╕
│train/AgChangeRatio/mean│        0.77        │
├────────────────────────┼────────────────────┤
│    loss actor/mean     │       15.665       │
├────────────────────────┼────────────────────┤
│     action l2/mean     │       0.279        │
├────────────────────────┼────────────────────┤
│       q pi/mean        │      -15.662       │
├────────────────────────┼────────────────────┤
│   dt trainIter/mean    │       0.056        │
├────────────────────────┼────────────────────┤
│   train/success/mean   │       0.045        │
├────────────────────────┼────────────────────┤
│    dt rollout/mean     │       28.097       │
├────────────────────────┼────────────────────┤
│test/AgChangeRatio/mean │       0.784        │
├────────────────────────┼────────────────────┤
│         epoch          │         12         │
├────────────────────────┼────────────────────┤
│      test/success      │       0.113        │
├────────────────────────┼────────────────────┤
│       timesteps        │       135000       │
├────────────────────────┼────────────────────┤
│          time          │      3683.272      │
├────────────────────────┼────────────────────┤
│       env steps        │       135000       │
├────────────────────────┼────────────────────┤
│       opt steps        │       65000        │
├────────────────────────┼────────────────────┤
│      replay size       │        2700        │
├────────────────────────┼────────────────────┤
│      replay fill       │       0.054        │
├────────────────────────┼────────────────────┤
│        dt epoch        │      285.698       │
╘════════════════════════╧════════════════════╛

Epoch 13: Iter (out of 10)= 0 1 2 3 4 5 6 7 8 9
Epoch 13 eval success rate 0.110
╒════════════════════════╤════════════════════╕
│train/AgChangeRatio/mean│       0.776        │
├────────────────────────┼────────────────────┤
│    loss actor/mean     │       15.982       │
├────────────────────────┼────────────────────┤
│     action l2/mean     │       0.281        │
├────────────────────────┼────────────────────┤
│       q pi/mean        │      -15.979       │
├────────────────────────┼────────────────────┤
│   dt trainIter/mean    │       0.056        │
├────────────────────────┼────────────────────┤
│   train/success/mean   │        0.04        │
├────────────────────────┼────────────────────┤
│    dt rollout/mean     │       28.161       │
├────────────────────────┼────────────────────┤
│test/AgChangeRatio/mean │        0.8         │
├────────────────────────┼────────────────────┤
│         epoch          │         13         │
├────────────────────────┼────────────────────┤
│      test/success      │       0.110        │
├────────────────────────┼────────────────────┤
│       timesteps        │       145000       │
├────────────────────────┼────────────────────┤
│          time          │      3969.719      │
├────────────────────────┼────────────────────┤
│       env steps        │       145000       │
├────────────────────────┼────────────────────┤
│       opt steps        │       70000        │
├────────────────────────┼────────────────────┤
│      replay size       │        2900        │
├────────────────────────┼────────────────────┤
│      replay fill       │       0.058        │
├────────────────────────┼────────────────────┤
│        dt epoch        │      286.447       │
╘════════════════════════╧════════════════════╛

Epoch 14: Iter (out of 10)= 0 1 2 3 4 5 6 7 8 9
Epoch 14 eval success rate 0.163
╒════════════════════════╤════════════════════╕
│train/AgChangeRatio/mean│       0.782        │
├────────────────────────┼────────────────────┤
│    loss actor/mean     │       17.018       │
├────────────────────────┼────────────────────┤
│     action l2/mean     │       0.294        │
├────────────────────────┼────────────────────┤
│       q pi/mean        │      -17.016       │
├────────────────────────┼────────────────────┤
│   dt trainIter/mean    │       0.057        │
├────────────────────────┼────────────────────┤
│   train/success/mean   │       0.105        │
├────────────────────────┼────────────────────┤
│    dt rollout/mean     │       28.653       │
├────────────────────────┼────────────────────┤
│test/AgChangeRatio/mean │       0.821        │
├────────────────────────┼────────────────────┤
│         epoch          │         14         │
├────────────────────────┼────────────────────┤
│      test/success      │       0.163        │
├────────────────────────┼────────────────────┤
│       timesteps        │       155000       │
├────────────────────────┼────────────────────┤
│          time          │      4265.654      │
├────────────────────────┼────────────────────┤
│       env steps        │       155000       │
├────────────────────────┼────────────────────┤
│       opt steps        │       75000        │
├────────────────────────┼────────────────────┤
│      replay size       │        3100        │
├────────────────────────┼────────────────────┤
│      replay fill       │       0.062        │
├────────────────────────┼────────────────────┤
│        dt epoch        │      295.935       │
╘════════════════════════╧════════════════════╛

Epoch 15: Iter (out of 10)= 0 1 2 3 4 5 6 7 8 9
Epoch 15 eval success rate 0.157
╒════════════════════════╤════════════════════╕
│train/AgChangeRatio/mean│       0.789        │
├────────────────────────┼────────────────────┤
│    loss actor/mean     │       17.283       │
├────────────────────────┼────────────────────┤
│     action l2/mean     │       0.305        │
├────────────────────────┼────────────────────┤
│       q pi/mean        │       -17.28       │
├────────────────────────┼────────────────────┤
│   dt trainIter/mean    │       0.055        │
├────────────────────────┼────────────────────┤
│   train/success/mean   │       0.075        │
├────────────────────────┼────────────────────┤
│    dt rollout/mean     │       27.655       │
├────────────────────────┼────────────────────┤
│test/AgChangeRatio/mean │       0.824        │
├────────────────────────┼────────────────────┤
│         epoch          │         15         │
├────────────────────────┼────────────────────┤
│      test/success      │       0.157        │
├────────────────────────┼────────────────────┤
│       timesteps        │       165000       │
├────────────────────────┼────────────────────┤
│          time          │      4547.027      │
├────────────────────────┼────────────────────┤
│       env steps        │       165000       │
├────────────────────────┼────────────────────┤
│       opt steps        │       80000        │
├────────────────────────┼────────────────────┤
│      replay size       │        3300        │
├────────────────────────┼────────────────────┤
│      replay fill       │       0.066        │
├────────────────────────┼────────────────────┤
│        dt epoch        │      281.373       │
╘════════════════════════╧════════════════════╛

Epoch 16: Iter (out of 10)= 0 1 2 3 4 5 6 7 8 9
Epoch 16 eval success rate 0.160
╒════════════════════════╤════════════════════╕
│train/AgChangeRatio/mean│       0.785        │
├────────────────────────┼────────────────────┤
│    loss actor/mean     │       17.259       │
├────────────────────────┼────────────────────┤
│     action l2/mean     │       0.366        │
├────────────────────────┼────────────────────┤
│       q pi/mean        │      -17.255       │
├────────────────────────┼────────────────────┤
│   dt trainIter/mean    │       0.056        │
├────────────────────────┼────────────────────┤
│   train/success/mean   │        0.1         │
├────────────────────────┼────────────────────┤
│    dt rollout/mean     │       28.279       │
├────────────────────────┼────────────────────┤
│test/AgChangeRatio/mean │       0.817        │
├────────────────────────┼────────────────────┤
│         epoch          │         16         │
├────────────────────────┼────────────────────┤
│      test/success      │       0.160        │
├────────────────────────┼────────────────────┤
│       timesteps        │       175000       │
├────────────────────────┼────────────────────┤
│          time          │      4834.554      │
├────────────────────────┼────────────────────┤
│       env steps        │       175000       │
├────────────────────────┼────────────────────┤
│       opt steps        │       85000        │
├────────────────────────┼────────────────────┤
│      replay size       │        3500        │
├────────────────────────┼────────────────────┤
│      replay fill       │       0.070        │
├────────────────────────┼────────────────────┤
│        dt epoch        │      287.527       │
╘════════════════════════╧════════════════════╛

Epoch 17: Iter (out of 10)= 0 1 2 3 4 5 6 7 8 9
Epoch 17 eval success rate 0.220
╒════════════════════════╤════════════════════╕
│train/AgChangeRatio/mean│       0.794        │
├────────────────────────┼────────────────────┤
│    loss actor/mean     │       17.576       │
├────────────────────────┼────────────────────┤
│     action l2/mean     │       0.327        │
├────────────────────────┼────────────────────┤
│       q pi/mean        │      -17.573       │
├────────────────────────┼────────────────────┤
│   dt trainIter/mean    │       0.055        │
├────────────────────────┼────────────────────┤
│   train/success/mean   │        0.07        │
├────────────────────────┼────────────────────┤
│    dt rollout/mean     │       27.734       │
├────────────────────────┼────────────────────┤
│test/AgChangeRatio/mean │       0.819        │
├────────────────────────┼────────────────────┤
│         epoch          │         17         │
├────────────────────────┼────────────────────┤
│      test/success      │       0.220        │
├────────────────────────┼────────────────────┤
│       timesteps        │       185000       │
├────────────────────────┼────────────────────┤
│          time          │      5116.693      │
├────────────────────────┼────────────────────┤
│       env steps        │       185000       │
├────────────────────────┼────────────────────┤
│       opt steps        │       90000        │
├────────────────────────┼────────────────────┤
│      replay size       │        3700        │
├────────────────────────┼────────────────────┤
│      replay fill       │       0.074        │
├────────────────────────┼────────────────────┤
│        dt epoch        │      282.139       │
╘════════════════════════╧════════════════════╛

Epoch 18: Iter (out of 10)= 0 1 2 3 4 5 6 7 8 9
Epoch 18 eval success rate 0.207
╒════════════════════════╤════════════════════╕
│train/AgChangeRatio/mean│       0.802        │
├────────────────────────┼────────────────────┤
│    loss actor/mean     │       18.529       │
├────────────────────────┼────────────────────┤
│     action l2/mean     │       0.333        │
├────────────────────────┼────────────────────┤
│       q pi/mean        │      -18.526       │
├────────────────────────┼────────────────────┤
│   dt trainIter/mean    │       0.055        │
├────────────────────────┼────────────────────┤
│   train/success/mean   │       0.115        │
├────────────────────────┼────────────────────┤
│    dt rollout/mean     │       27.88        │
├────────────────────────┼────────────────────┤
│test/AgChangeRatio/mean │       0.842        │
├────────────────────────┼────────────────────┤
│         epoch          │         18         │
├────────────────────────┼────────────────────┤
│      test/success      │       0.207        │
├────────────────────────┼────────────────────┤
│       timesteps        │       195000       │
├────────────────────────┼────────────────────┤
│          time          │      5400.353      │
├────────────────────────┼────────────────────┤
│       env steps        │       195000       │
├────────────────────────┼────────────────────┤
│       opt steps        │       95000        │
├────────────────────────┼────────────────────┤
│      replay size       │        3900        │
├────────────────────────┼────────────────────┤
│      replay fill       │       0.078        │
├────────────────────────┼────────────────────┤
│        dt epoch        │      283.660       │
╘════════════════════════╧════════════════════╛

Epoch 19: Iter (out of 10)= 0 1 2 3 4 5 6 7 8 9
Epoch 19 eval success rate 0.230
╒════════════════════════╤════════════════════╕
│train/AgChangeRatio/mean│       0.789        │
├────────────────────────┼────────────────────┤
│    loss actor/mean     │       18.33        │
├────────────────────────┼────────────────────┤
│     action l2/mean     │       0.324        │
├────────────────────────┼────────────────────┤
│       q pi/mean        │      -18.327       │
├────────────────────────┼────────────────────┤
│   dt trainIter/mean    │       0.056        │
├────────────────────────┼────────────────────┤
│   train/success/mean   │        0.08        │
├────────────────────────┼────────────────────┤
│    dt rollout/mean     │       28.068       │
├────────────────────────┼────────────────────┤
│test/AgChangeRatio/mean │       0.826        │
├────────────────────────┼────────────────────┤
│         epoch          │         19         │
├────────────────────────┼────────────────────┤
│      test/success      │       0.230        │
├────────────────────────┼────────────────────┤
│       timesteps        │       205000       │
├────────────────────────┼────────────────────┤
│          time          │      5685.713      │
├────────────────────────┼────────────────────┤
│       env steps        │       205000       │
├────────────────────────┼────────────────────┤
│       opt steps        │       100000       │
├────────────────────────┼────────────────────┤
│      replay size       │        4100        │
├────────────────────────┼────────────────────┤
│      replay fill       │       0.082        │
├────────────────────────┼────────────────────┤
│        dt epoch        │      285.360       │
╘════════════════════════╧════════════════════╛

Epoch 20: Iter (out of 10)= 0 1 2 3 4 5 6 7 8 9
Epoch 20 eval success rate 0.213
╒════════════════════════╤════════════════════╕
│train/AgChangeRatio/mean│       0.797        │
├────────────────────────┼────────────────────┤
│    loss actor/mean     │       19.023       │
├────────────────────────┼────────────────────┤
│     action l2/mean     │       0.309        │
├────────────────────────┼────────────────────┤
│       q pi/mean        │       -19.02       │
├────────────────────────┼────────────────────┤
│   dt trainIter/mean    │       0.055        │
├────────────────────────┼────────────────────┤
│   train/success/mean   │       0.155        │
├────────────────────────┼────────────────────┤
│    dt rollout/mean     │       27.902       │
├────────────────────────┼────────────────────┤
│test/AgChangeRatio/mean │       0.855        │
├────────────────────────┼────────────────────┤
│         epoch          │         20         │
├────────────────────────┼────────────────────┤
│      test/success      │       0.213        │
├────────────────────────┼────────────────────┤
│       timesteps        │       215000       │
├────────────────────────┼────────────────────┤
│          time          │      5969.542      │
├────────────────────────┼────────────────────┤
│       env steps        │       215000       │
├────────────────────────┼────────────────────┤
│       opt steps        │       105000       │
├────────────────────────┼────────────────────┤
│      replay size       │        4300        │
├────────────────────────┼────────────────────┤
│      replay fill       │       0.086        │
├────────────────────────┼────────────────────┤
│        dt epoch        │      283.829       │
╘════════════════════════╧════════════════════╛

Epoch 21: Iter (out of 10)= 0 1 2 3 4 5 6 7 8 9
Epoch 21 eval success rate 0.123
╒════════════════════════╤════════════════════╕
│train/AgChangeRatio/mean│        0.81        │
├────────────────────────┼────────────────────┤
│    loss actor/mean     │       18.826       │
├────────────────────────┼────────────────────┤
│     action l2/mean     │        0.32        │
├────────────────────────┼────────────────────┤
│       q pi/mean        │      -18.823       │
├────────────────────────┼────────────────────┤
│   dt trainIter/mean    │       0.055        │
├────────────────────────┼────────────────────┤
│   train/success/mean   │       0.125        │
├────────────────────────┼────────────────────┤
│    dt rollout/mean     │       28.031       │
├────────────────────────┼────────────────────┤
│test/AgChangeRatio/mean │       0.813        │
├────────────────────────┼────────────────────┤
│         epoch          │         21         │
├────────────────────────┼────────────────────┤
│      test/success      │       0.123        │
├────────────────────────┼────────────────────┤
│       timesteps        │       225000       │
├────────────────────────┼────────────────────┤
│          time          │      6255.224      │
├────────────────────────┼────────────────────┤
│       env steps        │       225000       │
├────────────────────────┼────────────────────┤
│       opt steps        │       110000       │
├────────────────────────┼────────────────────┤
│      replay size       │        4500        │
├────────────────────────┼────────────────────┤
│      replay fill       │       0.090        │
├────────────────────────┼────────────────────┤
│        dt epoch        │      285.682       │
╘════════════════════════╧════════════════════╛

Epoch 22: Iter (out of 10)= 0 1 2 3 4 5 6 7 8 9
Epoch 22 eval success rate 0.237
╒════════════════════════╤════════════════════╕
│train/AgChangeRatio/mean│       0.809        │
├────────────────────────┼────────────────────┤
│    loss actor/mean     │       18.535       │
├────────────────────────┼────────────────────┤
│     action l2/mean     │       0.294        │
├────────────────────────┼────────────────────┤
│       q pi/mean        │      -18.532       │
├────────────────────────┼────────────────────┤
│   dt trainIter/mean    │       0.055        │
├────────────────────────┼────────────────────┤
│   train/success/mean   │        0.16        │
├────────────────────────┼────────────────────┤
│    dt rollout/mean     │       27.967       │
├────────────────────────┼────────────────────┤
│test/AgChangeRatio/mean │       0.839        │
├────────────────────────┼────────────────────┤
│         epoch          │         22         │
├────────────────────────┼────────────────────┤
│      test/success      │       0.237        │
├────────────────────────┼────────────────────┤
│       timesteps        │       235000       │
├────────────────────────┼────────────────────┤
│          time          │      6539.688      │
├────────────────────────┼────────────────────┤
│       env steps        │       235000       │
├────────────────────────┼────────────────────┤
│       opt steps        │       115000       │
├────────────────────────┼────────────────────┤
│      replay size       │        4700        │
├────────────────────────┼────────────────────┤
│      replay fill       │       0.094        │
├────────────────────────┼────────────────────┤
│        dt epoch        │      284.464       │
╘════════════════════════╧════════════════════╛

Epoch 23: Iter (out of 10)= 0 1 2 3 4 5 6 7 8 9
Epoch 23 eval success rate 0.273
╒════════════════════════╤════════════════════╕
│train/AgChangeRatio/mean│       0.792        │
├────────────────────────┼────────────────────┤
│    loss actor/mean     │       18.803       │
├────────────────────────┼────────────────────┤
│     action l2/mean     │       0.285        │
├────────────────────────┼────────────────────┤
│       q pi/mean        │       -18.8        │
├────────────────────────┼────────────────────┤
│   dt trainIter/mean    │       0.055        │
├────────────────────────┼────────────────────┤
│   train/success/mean   │        0.17        │
├────────────────────────┼────────────────────┤
│    dt rollout/mean     │       28.011       │
├────────────────────────┼────────────────────┤
│test/AgChangeRatio/mean │       0.832        │
├────────────────────────┼────────────────────┤
│         epoch          │         23         │
├────────────────────────┼────────────────────┤
│      test/success      │       0.273        │
├────────────────────────┼────────────────────┤
│       timesteps        │       245000       │
├────────────────────────┼────────────────────┤
│          time          │      6824.543      │
├────────────────────────┼────────────────────┤
│       env steps        │       245000       │
├────────────────────────┼────────────────────┤
│       opt steps        │       120000       │
├────────────────────────┼────────────────────┤
│      replay size       │        4900        │
├────────────────────────┼────────────────────┤
│      replay fill       │       0.098        │
├────────────────────────┼────────────────────┤
│        dt epoch        │      284.855       │
╘════════════════════════╧════════════════════╛

Epoch 24: Iter (out of 10)= 0 1 2 3 4 5 6 7 8 9
Epoch 24 eval success rate 0.310
╒════════════════════════╤════════════════════╕
│train/AgChangeRatio/mean│       0.804        │
├────────────────────────┼────────────────────┤
│    loss actor/mean     │       18.892       │
├────────────────────────┼────────────────────┤
│     action l2/mean     │       0.258        │
├────────────────────────┼────────────────────┤
│       q pi/mean        │      -18.889       │
├────────────────────────┼────────────────────┤
│   dt trainIter/mean    │       0.056        │
├────────────────────────┼────────────────────┤
│   train/success/mean   │        0.14        │
├────────────────────────┼────────────────────┤
│    dt rollout/mean     │       28.203       │
├────────────────────────┼────────────────────┤
│test/AgChangeRatio/mean │       0.844        │
├────────────────────────┼────────────────────┤
│         epoch          │         24         │
├────────────────────────┼────────────────────┤
│      test/success      │       0.310        │
├────────────────────────┼────────────────────┤
│       timesteps        │       255000       │
├────────────────────────┼────────────────────┤
│          time          │      7111.428      │
├────────────────────────┼────────────────────┤
│       env steps        │       255000       │
├────────────────────────┼────────────────────┤
│       opt steps        │       125000       │
├────────────────────────┼────────────────────┤
│      replay size       │        5100        │
├────────────────────────┼────────────────────┤
│      replay fill       │       0.102        │
├────────────────────────┼────────────────────┤
│        dt epoch        │      286.885       │
╘════════════════════════╧════════════════════╛

Epoch 25: Iter (out of 10)= 0 1 2 3 4 5 6 7 8 9
Epoch 25 eval success rate 0.370
╒════════════════════════╤════════════════════╕
│train/AgChangeRatio/mean│       0.812        │
├────────────────────────┼────────────────────┤
│    loss actor/mean     │       19.206       │
├────────────────────────┼────────────────────┤
│     action l2/mean     │       0.269        │
├────────────────────────┼────────────────────┤
│       q pi/mean        │      -19.204       │
├────────────────────────┼────────────────────┤
│   dt trainIter/mean    │       0.055        │
├────────────────────────┼────────────────────┤
│   train/success/mean   │        0.16        │
├────────────────────────┼────────────────────┤
│    dt rollout/mean     │       27.745       │
├────────────────────────┼────────────────────┤
│test/AgChangeRatio/mean │       0.837        │
├────────────────────────┼────────────────────┤
│         epoch          │         25         │
├────────────────────────┼────────────────────┤
│      test/success      │       0.370        │
├────────────────────────┼────────────────────┤
│       timesteps        │       265000       │
├────────────────────────┼────────────────────┤
│          time          │      7393.480      │
├────────────────────────┼────────────────────┤
│       env steps        │       265000       │
├────────────────────────┼────────────────────┤
│       opt steps        │       130000       │
├────────────────────────┼────────────────────┤
│      replay size       │        5300        │
├────────────────────────┼────────────────────┤
│      replay fill       │       0.106        │
├────────────────────────┼────────────────────┤
│        dt epoch        │      282.052       │
╘════════════════════════╧════════════════════╛

Epoch 26: Iter (out of 10)= 0 1 2 3 4 5 6 7 8 9
Epoch 26 eval success rate 0.357
╒════════════════════════╤════════════════════╕
│train/AgChangeRatio/mean│       0.794        │
├────────────────────────┼────────────────────┤
│    loss actor/mean     │       18.964       │
├────────────────────────┼────────────────────┤
│     action l2/mean     │       0.256        │
├────────────────────────┼────────────────────┤
│       q pi/mean        │      -18.962       │
├────────────────────────┼────────────────────┤
│   dt trainIter/mean    │       0.055        │
├────────────────────────┼────────────────────┤
│   train/success/mean   │       0.165        │
├────────────────────────┼────────────────────┤
│    dt rollout/mean     │       27.799       │
├────────────────────────┼────────────────────┤
│test/AgChangeRatio/mean │       0.849        │
├────────────────────────┼────────────────────┤
│         epoch          │         26         │
├────────────────────────┼────────────────────┤
│      test/success      │       0.357        │
├────────────────────────┼────────────────────┤
│       timesteps        │       275000       │
├────────────────────────┼────────────────────┤
│          time          │      7676.190      │
├────────────────────────┼────────────────────┤
│       env steps        │       275000       │
├────────────────────────┼────────────────────┤
│       opt steps        │       135000       │
├────────────────────────┼────────────────────┤
│      replay size       │        5500        │
├────────────────────────┼────────────────────┤
│      replay fill       │       0.110        │
├────────────────────────┼────────────────────┤
│        dt epoch        │      282.710       │
╘════════════════════════╧════════════════════╛

Epoch 27: Iter (out of 10)= 0 1 2 3 4 5 6 7 8 9
Epoch 27 eval success rate 0.313
╒════════════════════════╤════════════════════╕
│train/AgChangeRatio/mean│       0.817        │
├────────────────────────┼────────────────────┤
│    loss actor/mean     │       20.051       │
├────────────────────────┼────────────────────┤
│     action l2/mean     │       0.252        │
├────────────────────────┼────────────────────┤
│       q pi/mean        │      -20.048       │
├────────────────────────┼────────────────────┤
│   dt trainIter/mean    │       0.055        │
├────────────────────────┼────────────────────┤
│   train/success/mean   │       0.165        │
├────────────────────────┼────────────────────┤
│    dt rollout/mean     │       27.992       │
├────────────────────────┼────────────────────┤
│test/AgChangeRatio/mean │       0.844        │
├────────────────────────┼────────────────────┤
│         epoch          │         27         │
├────────────────────────┼────────────────────┤
│      test/success      │       0.313        │
├────────────────────────┼────────────────────┤
│       timesteps        │       285000       │
├────────────────────────┼────────────────────┤
│          time          │      7960.860      │
├────────────────────────┼────────────────────┤
│       env steps        │       285000       │
├────────────────────────┼────────────────────┤
│       opt steps        │       140000       │
├────────────────────────┼────────────────────┤
│      replay size       │        5700        │
├────────────────────────┼────────────────────┤
│      replay fill       │       0.114        │
├────────────────────────┼────────────────────┤
│        dt epoch        │      284.670       │
╘════════════════════════╧════════════════════╛

Epoch 28: Iter (out of 10)= 0 1 2 3 4 5 6 7 8 9
Epoch 28 eval success rate 0.233
╒════════════════════════╤════════════════════╕
│train/AgChangeRatio/mean│       0.824        │
├────────────────────────┼────────────────────┤
│    loss actor/mean     │       19.427       │
├────────────────────────┼────────────────────┤
│     action l2/mean     │       0.259        │
├────────────────────────┼────────────────────┤
│       q pi/mean        │      -19.424       │
├────────────────────────┼────────────────────┤
│   dt trainIter/mean    │       0.056        │
├────────────────────────┼────────────────────┤
│   train/success/mean   │       0.195        │
├────────────────────────┼────────────────────┤
│    dt rollout/mean     │       28.111       │
├────────────────────────┼────────────────────┤
│test/AgChangeRatio/mean │       0.853        │
├────────────────────────┼────────────────────┤
│         epoch          │         28         │
├────────────────────────┼────────────────────┤
│      test/success      │       0.233        │
├────────────────────────┼────────────────────┤
│       timesteps        │       295000       │
├────────────────────────┼────────────────────┤
│          time          │      8246.802      │
├────────────────────────┼────────────────────┤
│       env steps        │       295000       │
├────────────────────────┼────────────────────┤
│       opt steps        │       145000       │
├────────────────────────┼────────────────────┤
│      replay size       │        5900        │
├────────────────────────┼────────────────────┤
│      replay fill       │       0.118        │
├────────────────────────┼────────────────────┤
│        dt epoch        │      285.942       │
╘════════════════════════╧════════════════════╛

Epoch 29: Iter (out of 10)= 0 1 2 3 4 5 6 7 8 9
Epoch 29 eval success rate 0.387
╒════════════════════════╤════════════════════╕
│train/AgChangeRatio/mean│       0.824        │
├────────────────────────┼────────────────────┤
│    loss actor/mean     │       19.701       │
├────────────────────────┼────────────────────┤
│     action l2/mean     │       0.286        │
├────────────────────────┼────────────────────┤
│       q pi/mean        │      -19.699       │
├────────────────────────┼────────────────────┤
│   dt trainIter/mean    │       0.055        │
├────────────────────────┼────────────────────┤
│   train/success/mean   │       0.205        │
├────────────────────────┼────────────────────┤
│    dt rollout/mean     │       27.899       │
├────────────────────────┼────────────────────┤
│test/AgChangeRatio/mean │       0.862        │
├────────────────────────┼────────────────────┤
│         epoch          │         29         │
├────────────────────────┼────────────────────┤
│      test/success      │       0.387        │
├────────────────────────┼────────────────────┤
│       timesteps        │       305000       │
├────────────────────────┼────────────────────┤
│          time          │      8530.638      │
├────────────────────────┼────────────────────┤
│       env steps        │       305000       │
├────────────────────────┼────────────────────┤
│       opt steps        │       150000       │
├────────────────────────┼────────────────────┤
│      replay size       │        6100        │
├────────────────────────┼────────────────────┤
│      replay fill       │       0.122        │
├────────────────────────┼────────────────────┤
│        dt epoch        │      283.836       │
╘════════════════════════╧════════════════════╛

Epoch 30: Iter (out of 10)= 0 1 2 3 4 5 6 7 8 9
Epoch 30 eval success rate 0.377
╒════════════════════════╤════════════════════╕
│train/AgChangeRatio/mean│       0.823        │
├────────────────────────┼────────────────────┤
│    loss actor/mean     │       19.681       │
├────────────────────────┼────────────────────┤
│     action l2/mean     │       0.312        │
├────────────────────────┼────────────────────┤
│       q pi/mean        │      -19.678       │
├────────────────────────┼────────────────────┤
│   dt trainIter/mean    │       0.056        │
├────────────────────────┼────────────────────┤
│   train/success/mean   │        0.23        │
├────────────────────────┼────────────────────┤
│    dt rollout/mean     │       28.43        │
├────────────────────────┼────────────────────┤
│test/AgChangeRatio/mean │       0.846        │
├────────────────────────┼────────────────────┤
│         epoch          │         30         │
├────────────────────────┼────────────────────┤
│      test/success      │       0.377        │
├────────────────────────┼────────────────────┤
│       timesteps        │       315000       │
├────────────────────────┼────────────────────┤
│          time          │      8819.768      │
├────────────────────────┼────────────────────┤
│       env steps        │       315000       │
├────────────────────────┼────────────────────┤
│       opt steps        │       155000       │
├────────────────────────┼────────────────────┤
│      replay size       │        6300        │
├────────────────────────┼────────────────────┤
│      replay fill       │       0.126        │
├────────────────────────┼────────────────────┤
│        dt epoch        │      289.131       │
╘════════════════════════╧════════════════════╛

Epoch 31: Iter (out of 10)= 0 1 2 3 4 5 6 7 8 9
Epoch 31 eval success rate 0.363
╒════════════════════════╤════════════════════╕
│train/AgChangeRatio/mean│       0.809        │
├────────────────────────┼────────────────────┤
│    loss actor/mean     │       20.07        │
├────────────────────────┼────────────────────┤
│     action l2/mean     │       0.307        │
├────────────────────────┼────────────────────┤
│       q pi/mean        │      -20.067       │
├────────────────────────┼────────────────────┤
│   dt trainIter/mean    │       0.056        │
├────────────────────────┼────────────────────┤
│   train/success/mean   │       0.235        │
├────────────────────────┼────────────────────┤
│    dt rollout/mean     │       28.156       │
├────────────────────────┼────────────────────┤
│test/AgChangeRatio/mean │       0.863        │
├────────────────────────┼────────────────────┤
│         epoch          │         31         │
├────────────────────────┼────────────────────┤
│      test/success      │       0.363        │
├────────────────────────┼────────────────────┤
│       timesteps        │       325000       │
├────────────────────────┼────────────────────┤
│          time          │      9106.208      │
├────────────────────────┼────────────────────┤
│       env steps        │       325000       │
├────────────────────────┼────────────────────┤
│       opt steps        │       160000       │
├────────────────────────┼────────────────────┤
│      replay size       │        6500        │
├────────────────────────┼────────────────────┤
│      replay fill       │       0.130        │
├────────────────────────┼────────────────────┤
│        dt epoch        │      286.440       │
╘════════════════════════╧════════════════════╛

Epoch 32: Iter (out of 10)= 0 1 2 3 4 5 6 7 8 9
Epoch 32 eval success rate 0.443
╒════════════════════════╤════════════════════╕
│train/AgChangeRatio/mean│       0.819        │
├────────────────────────┼────────────────────┤
│    loss actor/mean     │       20.008       │
├────────────────────────┼────────────────────┤
│     action l2/mean     │       0.317        │
├────────────────────────┼────────────────────┤
│       q pi/mean        │      -20.004       │
├────────────────────────┼────────────────────┤
│   dt trainIter/mean    │       0.055        │
├────────────────────────┼────────────────────┤
│   train/success/mean   │        0.24        │
├────────────────────────┼────────────────────┤
│    dt rollout/mean     │       27.575       │
├────────────────────────┼────────────────────┤
│test/AgChangeRatio/mean │       0.851        │
├────────────────────────┼────────────────────┤
│         epoch          │         32         │
├────────────────────────┼────────────────────┤
│      test/success      │       0.443        │
├────────────────────────┼────────────────────┤
│       timesteps        │       335000       │
├────────────────────────┼────────────────────┤
│          time          │      9386.668      │
├────────────────────────┼────────────────────┤
│       env steps        │       335000       │
├────────────────────────┼────────────────────┤
│       opt steps        │       165000       │
├────────────────────────┼────────────────────┤
│      replay size       │        6700        │
├────────────────────────┼────────────────────┤
│      replay fill       │       0.134        │
├────────────────────────┼────────────────────┤
│        dt epoch        │      280.460       │
╘════════════════════════╧════════════════════╛

Epoch 33: Iter (out of 10)= 0 1 2 3 4 5 6 7 8 9
Epoch 33 eval success rate 0.433
╒════════════════════════╤════════════════════╕
│train/AgChangeRatio/mean│       0.828        │
├────────────────────────┼────────────────────┤
│    loss actor/mean     │       20.809       │
├────────────────────────┼────────────────────┤
│     action l2/mean     │       0.339        │
├────────────────────────┼────────────────────┤
│       q pi/mean        │      -20.806       │
├────────────────────────┼────────────────────┤
│   dt trainIter/mean    │       0.055        │
├────────────────────────┼────────────────────┤
│   train/success/mean   │        0.24        │
├────────────────────────┼────────────────────┤
│    dt rollout/mean     │       27.879       │
├────────────────────────┼────────────────────┤
│test/AgChangeRatio/mean │       0.865        │
├────────────────────────┼────────────────────┤
│         epoch          │         33         │
├────────────────────────┼────────────────────┤
│      test/success      │       0.433        │
├────────────────────────┼────────────────────┤
│       timesteps        │       345000       │
├────────────────────────┼────────────────────┤
│          time          │      9670.218      │
├────────────────────────┼────────────────────┤
│       env steps        │       345000       │
├────────────────────────┼────────────────────┤
│       opt steps        │       170000       │
├────────────────────────┼────────────────────┤
│      replay size       │        6900        │
├────────────────────────┼────────────────────┤
│      replay fill       │       0.138        │
├────────────────────────┼────────────────────┤
│        dt epoch        │      283.550       │
╘════════════════════════╧════════════════════╛

Epoch 34: Iter (out of 10)= 0 1 2 3 4 5 6 7 8 9
Epoch 34 eval success rate 0.443
╒════════════════════════╤════════════════════╕
│train/AgChangeRatio/mean│       0.823        │
├────────────────────────┼────────────────────┤
│    loss actor/mean     │       19.506       │
├────────────────────────┼────────────────────┤
│     action l2/mean     │       0.332        │
├────────────────────────┼────────────────────┤
│       q pi/mean        │      -19.503       │
├────────────────────────┼────────────────────┤
│   dt trainIter/mean    │       0.056        │
├────────────────────────┼────────────────────┤
│   train/success/mean   │        0.24        │
├────────────────────────┼────────────────────┤
│    dt rollout/mean     │       28.288       │
├────────────────────────┼────────────────────┤
│test/AgChangeRatio/mean │       0.859        │
├────────────────────────┼────────────────────┤
│         epoch          │         34         │
├────────────────────────┼────────────────────┤
│      test/success      │       0.443        │
├────────────────────────┼────────────────────┤
│       timesteps        │       355000       │
├────────────────────────┼────────────────────┤
│          time          │      9958.640      │
├────────────────────────┼────────────────────┤
│       env steps        │       355000       │
├────────────────────────┼────────────────────┤
│       opt steps        │       175000       │
├────────────────────────┼────────────────────┤
│      replay size       │        7100        │
├────────────────────────┼────────────────────┤
│      replay fill       │       0.142        │
├────────────────────────┼────────────────────┤
│        dt epoch        │      288.421       │
╘════════════════════════╧════════════════════╛

Epoch 35: Iter (out of 10)= 0 1 2 3 4 5 6 7 8 9
Epoch 35 eval success rate 0.487
╒════════════════════════╤════════════════════╕
│train/AgChangeRatio/mean│       0.823        │
├────────────────────────┼────────────────────┤
│    loss actor/mean     │       19.453       │
├────────────────────────┼────────────────────┤
│     action l2/mean     │       0.345        │
├────────────────────────┼────────────────────┤
│       q pi/mean        │       -19.45       │
├────────────────────────┼────────────────────┤
│   dt trainIter/mean    │       0.057        │
├────────────────────────┼────────────────────┤
│   train/success/mean   │       0.245        │
├────────────────────────┼────────────────────┤
│    dt rollout/mean     │       28.628       │
├────────────────────────┼────────────────────┤
│test/AgChangeRatio/mean │       0.856        │
├────────────────────────┼────────────────────┤
│         epoch          │         35         │
├────────────────────────┼────────────────────┤
│      test/success      │       0.487        │
├────────────────────────┼────────────────────┤
│       timesteps        │       365000       │
├────────────────────────┼────────────────────┤
│          time          │     10250.663      │
├────────────────────────┼────────────────────┤
│       env steps        │       365000       │
├────────────────────────┼────────────────────┤
│       opt steps        │       180000       │
├────────────────────────┼────────────────────┤
│      replay size       │        7300        │
├────────────────────────┼────────────────────┤
│      replay fill       │       0.146        │
├────────────────────────┼────────────────────┤
│        dt epoch        │      292.023       │
╘════════════════════════╧════════════════════╛

Epoch 36: Iter (out of 10)= 0 1 2 3 4 5 6 7 8 9
Epoch 36 eval success rate 0.337
╒════════════════════════╤════════════════════╕
│train/AgChangeRatio/mean│       0.823        │
├────────────────────────┼────────────────────┤
│    loss actor/mean     │       18.916       │
├────────────────────────┼────────────────────┤
│     action l2/mean     │       0.397        │
├────────────────────────┼────────────────────┤
│       q pi/mean        │      -18.912       │
├────────────────────────┼────────────────────┤
│   dt trainIter/mean    │       0.056        │
├────────────────────────┼────────────────────┤
│   train/success/mean   │       0.275        │
├────────────────────────┼────────────────────┤
│    dt rollout/mean     │       28.237       │
├────────────────────────┼────────────────────┤
│test/AgChangeRatio/mean │       0.859        │
├────────────────────────┼────────────────────┤
│         epoch          │         36         │
├────────────────────────┼────────────────────┤
│      test/success      │       0.337        │
├────────────────────────┼────────────────────┤
│       timesteps        │       375000       │
├────────────────────────┼────────────────────┤
│          time          │     10537.767      │
├────────────────────────┼────────────────────┤
│       env steps        │       375000       │
├────────────────────────┼────────────────────┤
│       opt steps        │       185000       │
├────────────────────────┼────────────────────┤
│      replay size       │        7500        │
├────────────────────────┼────────────────────┤
│      replay fill       │       0.150        │
├────────────────────────┼────────────────────┤
│        dt epoch        │      287.104       │
╘════════════════════════╧════════════════════╛

Epoch 37: Iter (out of 10)= 0 1 2 3 4 5 6 7 8 9
Epoch 37 eval success rate 0.510
╒════════════════════════╤════════════════════╕
│train/AgChangeRatio/mean│       0.824        │
├────────────────────────┼────────────────────┤
│    loss actor/mean     │       19.402       │
├────────────────────────┼────────────────────┤
│     action l2/mean     │       0.331        │
├────────────────────────┼────────────────────┤
│       q pi/mean        │      -19.399       │
├────────────────────────┼────────────────────┤
│   dt trainIter/mean    │       0.056        │
├────────────────────────┼────────────────────┤
│   train/success/mean   │       0.325        │
├────────────────────────┼────────────────────┤
│    dt rollout/mean     │       28.064       │
├────────────────────────┼────────────────────┤
│test/AgChangeRatio/mean │       0.855        │
├────────────────────────┼────────────────────┤
│         epoch          │         37         │
├────────────────────────┼────────────────────┤
│      test/success      │       0.510        │
├────────────────────────┼────────────────────┤
│       timesteps        │       385000       │
├────────────────────────┼────────────────────┤
│          time          │     10823.186      │
├────────────────────────┼────────────────────┤
│       env steps        │       385000       │
├────────────────────────┼────────────────────┤
│       opt steps        │       190000       │
├────────────────────────┼────────────────────┤
│      replay size       │        7700        │
├────────────────────────┼────────────────────┤
│      replay fill       │       0.154        │
├────────────────────────┼────────────────────┤
│        dt epoch        │      285.419       │
╘════════════════════════╧════════════════════╛

Epoch 38: Iter (out of 10)= 0 1 2 3 4 5 6 7 8 9
Epoch 38 eval success rate 0.260
╒════════════════════════╤════════════════════╕
│train/AgChangeRatio/mean│       0.828        │
├────────────────────────┼────────────────────┤
│    loss actor/mean     │       18.949       │
├────────────────────────┼────────────────────┤
│     action l2/mean     │       0.327        │
├────────────────────────┼────────────────────┤
│       q pi/mean        │      -18.946       │
├────────────────────────┼────────────────────┤
│   dt trainIter/mean    │       0.055        │
├────────────────────────┼────────────────────┤
│   train/success/mean   │        0.32        │
├────────────────────────┼────────────────────┤
│    dt rollout/mean     │       27.853       │
├────────────────────────┼────────────────────┤
│test/AgChangeRatio/mean │       0.796        │
├────────────────────────┼────────────────────┤
│         epoch          │         38         │
├────────────────────────┼────────────────────┤
│      test/success      │       0.260        │
├────────────────────────┼────────────────────┤
│       timesteps        │       395000       │
├────────────────────────┼────────────────────┤
│          time          │     11106.538      │
├────────────────────────┼────────────────────┤
│       env steps        │       395000       │
├────────────────────────┼────────────────────┤
│       opt steps        │       195000       │
├────────────────────────┼────────────────────┤
│      replay size       │        7900        │
├────────────────────────┼────────────────────┤
│      replay fill       │       0.158        │
├────────────────────────┼────────────────────┤
│        dt epoch        │      283.352       │
╘════════════════════════╧════════════════════╛

Epoch 39: Iter (out of 10)= 0 1 2 3 4 5 6 7 8 9
Epoch 39 eval success rate 0.270
╒════════════════════════╤════════════════════╕
│train/AgChangeRatio/mean│        0.83        │
├────────────────────────┼────────────────────┤
│    loss actor/mean     │       18.749       │
├────────────────────────┼────────────────────┤
│     action l2/mean     │        0.33        │
├────────────────────────┼────────────────────┤
│       q pi/mean        │      -18.746       │
├────────────────────────┼────────────────────┤
│   dt trainIter/mean    │       0.055        │
├────────────────────────┼────────────────────┤
│   train/success/mean   │       0.205        │
├────────────────────────┼────────────────────┤
│    dt rollout/mean     │       27.826       │
├────────────────────────┼────────────────────┤
│test/AgChangeRatio/mean │       0.804        │
├────────────────────────┼────────────────────┤
│         epoch          │         39         │
├────────────────────────┼────────────────────┤
│      test/success      │       0.270        │
├────────────────────────┼────────────────────┤
│       timesteps        │       405000       │
├────────────────────────┼────────────────────┤
│          time          │     11389.538      │
├────────────────────────┼────────────────────┤
│       env steps        │       405000       │
├────────────────────────┼────────────────────┤
│       opt steps        │       200000       │
├────────────────────────┼────────────────────┤
│      replay size       │        8100        │
├────────────────────────┼────────────────────┤
│      replay fill       │       0.162        │
├────────────────────────┼────────────────────┤
│        dt epoch        │      283.000       │
╘════════════════════════╧════════════════════╛

Epoch 40: Iter (out of 10)= 0 1 2 3 4 5 6 7 8 9
Epoch 40 eval success rate 0.493
╒════════════════════════╤════════════════════╕
│train/AgChangeRatio/mean│       0.829        │
├────────────────────────┼────────────────────┤
│    loss actor/mean     │       18.255       │
├────────────────────────┼────────────────────┤
│     action l2/mean     │       0.352        │
├────────────────────────┼────────────────────┤
│       q pi/mean        │      -18.251       │
├────────────────────────┼────────────────────┤
│   dt trainIter/mean    │       0.056        │
├────────────────────────┼────────────────────┤
│   train/success/mean   │       0.235        │
├────────────────────────┼────────────────────┤
│    dt rollout/mean     │       28.452       │
├────────────────────────┼────────────────────┤
│test/AgChangeRatio/mean │       0.864        │
├────────────────────────┼────────────────────┤
│         epoch          │         40         │
├────────────────────────┼────────────────────┤
│      test/success      │       0.493        │
├────────────────────────┼────────────────────┤
│       timesteps        │       415000       │
├────────────────────────┼────────────────────┤
│          time          │     11678.753      │
├────────────────────────┼────────────────────┤
│       env steps        │       415000       │
├────────────────────────┼────────────────────┤
│       opt steps        │       205000       │
├────────────────────────┼────────────────────┤
│      replay size       │        8300        │
├────────────────────────┼────────────────────┤
│      replay fill       │       0.166        │
├────────────────────────┼────────────────────┤
│        dt epoch        │      289.215       │
╘════════════════════════╧════════════════════╛

Epoch 41: Iter (out of 10)= 0 1 2 3 4 5 6 7 8 9
Epoch 41 eval success rate 0.430
╒════════════════════════╤════════════════════╕
│train/AgChangeRatio/mean│       0.831        │
├────────────────────────┼────────────────────┤
│    loss actor/mean     │       19.137       │
├────────────────────────┼────────────────────┤
│     action l2/mean     │       0.355        │
├────────────────────────┼────────────────────┤
│       q pi/mean        │      -19.134       │
├────────────────────────┼────────────────────┤
│   dt trainIter/mean    │       0.056        │
├────────────────────────┼────────────────────┤
│   train/success/mean   │        0.24        │
├────────────────────────┼────────────────────┤
│    dt rollout/mean     │       28.153       │
├────────────────────────┼────────────────────┤
│test/AgChangeRatio/mean │       0.863        │
├────────────────────────┼────────────────────┤
│         epoch          │         41         │
├────────────────────────┼────────────────────┤
│      test/success      │       0.430        │
├────────────────────────┼────────────────────┤
│       timesteps        │       425000       │
├────────────────────────┼────────────────────┤
│          time          │     11965.605      │
├────────────────────────┼────────────────────┤
│       env steps        │       425000       │
├────────────────────────┼────────────────────┤
│       opt steps        │       210000       │
├────────────────────────┼────────────────────┤
│      replay size       │        8500        │
├────────────────────────┼────────────────────┤
│      replay fill       │       0.170        │
├────────────────────────┼────────────────────┤
│        dt epoch        │      286.852       │
╘════════════════════════╧════════════════════╛

Epoch 42: Iter (out of 10)= 0 1 2 3 4 5 6 7 8 9
Epoch 42 eval success rate 0.410
╒════════════════════════╤════════════════════╕
│train/AgChangeRatio/mean│       0.834        │
├────────────────────────┼────────────────────┤
│    loss actor/mean     │       18.898       │
├────────────────────────┼────────────────────┤
│     action l2/mean     │       0.387        │
├────────────────────────┼────────────────────┤
│       q pi/mean        │      -18.894       │
├────────────────────────┼────────────────────┤
│   dt trainIter/mean    │       0.055        │
├────────────────────────┼────────────────────┤
│   train/success/mean   │        0.28        │
├────────────────────────┼────────────────────┤
│    dt rollout/mean     │       27.957       │
├────────────────────────┼────────────────────┤
│test/AgChangeRatio/mean │       0.866        │
├────────────────────────┼────────────────────┤
│         epoch          │         42         │
├────────────────────────┼────────────────────┤
│      test/success      │       0.410        │
├────────────────────────┼────────────────────┤
│       timesteps        │       435000       │
├────────────────────────┼────────────────────┤
│          time          │     12250.725      │
├────────────────────────┼────────────────────┤
│       env steps        │       435000       │
├────────────────────────┼────────────────────┤
│       opt steps        │       215000       │
├────────────────────────┼────────────────────┤
│      replay size       │        8700        │
├────────────────────────┼────────────────────┤
│      replay fill       │       0.174        │
├────────────────────────┼────────────────────┤
│        dt epoch        │      285.119       │
╘════════════════════════╧════════════════════╛

Epoch 43: Iter (out of 10)= 0 1 2 3 4 5 6 7 8 9
Epoch 43 eval success rate 0.437
╒════════════════════════╤════════════════════╕
│train/AgChangeRatio/mean│       0.838        │
├────────────────────────┼────────────────────┤
│    loss actor/mean     │       18.01        │
├────────────────────────┼────────────────────┤
│     action l2/mean     │       0.413        │
├────────────────────────┼────────────────────┤
│       q pi/mean        │      -18.006       │
├────────────────────────┼────────────────────┤
│   dt trainIter/mean    │       0.055        │
├────────────────────────┼────────────────────┤
│   train/success/mean   │       0.215        │
├────────────────────────┼────────────────────┤
│    dt rollout/mean     │       27.873       │
├────────────────────────┼────────────────────┤
│test/AgChangeRatio/mean │       0.852        │
├────────────────────────┼────────────────────┤
│         epoch          │         43         │
├────────────────────────┼────────────────────┤
│      test/success      │       0.437        │
├────────────────────────┼────────────────────┤
│       timesteps        │       445000       │
├────────────────────────┼────────────────────┤
│          time          │     12534.121      │
├────────────────────────┼────────────────────┤
│       env steps        │       445000       │
├────────────────────────┼────────────────────┤
│       opt steps        │       220000       │
├────────────────────────┼────────────────────┤
│      replay size       │        8900        │
├────────────────────────┼────────────────────┤
│      replay fill       │       0.178        │
├────────────────────────┼────────────────────┤
│        dt epoch        │      283.397       │
╘════════════════════════╧════════════════════╛

Epoch 44: Iter (out of 10)= 0 1 2 3 4 5 6 7 8 9
Epoch 44 eval success rate 0.357
╒════════════════════════╤════════════════════╕
│train/AgChangeRatio/mean│       0.835        │
├────────────────────────┼────────────────────┤
│    loss actor/mean     │       18.853       │
├────────────────────────┼────────────────────┤
│     action l2/mean     │       0.412        │
├────────────────────────┼────────────────────┤
│       q pi/mean        │      -18.849       │
├────────────────────────┼────────────────────┤
│   dt trainIter/mean    │       0.055        │
├────────────────────────┼────────────────────┤
│   train/success/mean   │       0.355        │
├────────────────────────┼────────────────────┤
│    dt rollout/mean     │       28.015       │
├────────────────────────┼────────────────────┤
│test/AgChangeRatio/mean │        0.84        │
├────────────────────────┼────────────────────┤
│         epoch          │         44         │
├────────────────────────┼────────────────────┤
│      test/success      │       0.357        │
├────────────────────────┼────────────────────┤
│       timesteps        │       455000       │
├────────────────────────┼────────────────────┤
│          time          │     12819.147      │
├────────────────────────┼────────────────────┤
│       env steps        │       455000       │
├────────────────────────┼────────────────────┤
│       opt steps        │       225000       │
├────────────────────────┼────────────────────┤
│      replay size       │        9100        │
├────────────────────────┼────────────────────┤
│      replay fill       │       0.182        │
├────────────────────────┼────────────────────┤
│        dt epoch        │      285.026       │
╘════════════════════════╧════════════════════╛

Epoch 45: Iter (out of 10)= 0 1 2 3 4 5 6 7 8 9
Epoch 45 eval success rate 0.430
╒════════════════════════╤════════════════════╕
│train/AgChangeRatio/mean│       0.829        │
├────────────────────────┼────────────────────┤
│    loss actor/mean     │       18.875       │
├────────────────────────┼────────────────────┤
│     action l2/mean     │       0.369        │
├────────────────────────┼────────────────────┤
│       q pi/mean        │      -18.872       │
├────────────────────────┼────────────────────┤
│   dt trainIter/mean    │       0.055        │
├────────────────────────┼────────────────────┤
│   train/success/mean   │       0.265        │
├────────────────────────┼────────────────────┤
│    dt rollout/mean     │       27.961       │
├────────────────────────┼────────────────────┤
│test/AgChangeRatio/mean │       0.868        │
├────────────────────────┼────────────────────┤
│         epoch          │         45         │
├────────────────────────┼────────────────────┤
│      test/success      │       0.430        │
├────────────────────────┼────────────────────┤
│       timesteps        │       465000       │
├────────────────────────┼────────────────────┤
│          time          │     13103.515      │
├────────────────────────┼────────────────────┤
│       env steps        │       465000       │
├────────────────────────┼────────────────────┤
│       opt steps        │       230000       │
├────────────────────────┼────────────────────┤
│      replay size       │        9300        │
├────────────────────────┼────────────────────┤
│      replay fill       │       0.186        │
├────────────────────────┼────────────────────┤
│        dt epoch        │      284.368       │
╘════════════════════════╧════════════════════╛

Epoch 46: Iter (out of 10)= 0 1 2 3 4 5 6 7 8 9
Epoch 46 eval success rate 0.460
╒════════════════════════╤════════════════════╕
│train/AgChangeRatio/mean│       0.838        │
├────────────────────────┼────────────────────┤
│    loss actor/mean     │       19.087       │
├────────────────────────┼────────────────────┤
│     action l2/mean     │       0.305        │
├────────────────────────┼────────────────────┤
│       q pi/mean        │      -19.084       │
├────────────────────────┼────────────────────┤
│   dt trainIter/mean    │       0.055        │
├────────────────────────┼────────────────────┤
│   train/success/mean   │       0.295        │
├────────────────────────┼────────────────────┤
│    dt rollout/mean     │       28.032       │
├────────────────────────┼────────────────────┤
│test/AgChangeRatio/mean │       0.842        │
├────────────────────────┼────────────────────┤
│         epoch          │         46         │
├────────────────────────┼────────────────────┤
│      test/success      │       0.460        │
├────────────────────────┼────────────────────┤
│       timesteps        │       475000       │
├────────────────────────┼────────────────────┤
│          time          │     13388.669      │
├────────────────────────┼────────────────────┤
│       env steps        │       475000       │
├────────────────────────┼────────────────────┤
│       opt steps        │       235000       │
├────────────────────────┼────────────────────┤
│      replay size       │        9500        │
├────────────────────────┼────────────────────┤
│      replay fill       │       0.190        │
├────────────────────────┼────────────────────┤
│        dt epoch        │      285.153       │
╘════════════════════════╧════════════════════╛

Epoch 47: Iter (out of 10)= 0 1 2 3 4 5 6 7 8 9
Epoch 47 eval success rate 0.373
╒════════════════════════╤════════════════════╕
│train/AgChangeRatio/mean│       0.835        │
├────────────────────────┼────────────────────┤
│    loss actor/mean     │       19.617       │
├────────────────────────┼────────────────────┤
│     action l2/mean     │       0.341        │
├────────────────────────┼────────────────────┤
│       q pi/mean        │      -19.613       │
├────────────────────────┼────────────────────┤
│   dt trainIter/mean    │       0.055        │
├────────────────────────┼────────────────────┤
│   train/success/mean   │        0.27        │
├────────────────────────┼────────────────────┤
│    dt rollout/mean     │       28.029       │
├────────────────────────┼────────────────────┤
│test/AgChangeRatio/mean │       0.855        │
├────────────────────────┼────────────────────┤
│         epoch          │         47         │
├────────────────────────┼────────────────────┤
│      test/success      │       0.373        │
├────────────────────────┼────────────────────┤
│       timesteps        │       485000       │
├────────────────────────┼────────────────────┤
│          time          │     13673.659      │
├────────────────────────┼────────────────────┤
│       env steps        │       485000       │
├────────────────────────┼────────────────────┤
│       opt steps        │       240000       │
├────────────────────────┼────────────────────┤
│      replay size       │        9700        │
├────────────────────────┼────────────────────┤
│      replay fill       │       0.194        │
├────────────────────────┼────────────────────┤
│        dt epoch        │      284.990       │
╘════════════════════════╧════════════════════╛

Epoch 48: Iter (out of 10)= 0 1 2 3 4 5 6 7 8 9
Epoch 48 eval success rate 0.443
╒════════════════════════╤════════════════════╕
│train/AgChangeRatio/mean│       0.831        │
├────────────────────────┼────────────────────┤
│    loss actor/mean     │       20.207       │
├────────────────────────┼────────────────────┤
│     action l2/mean     │       0.403        │
├────────────────────────┼────────────────────┤
│       q pi/mean        │      -20.203       │
├────────────────────────┼────────────────────┤
│   dt trainIter/mean    │       0.055        │
├────────────────────────┼────────────────────┤
│   train/success/mean   │       0.235        │
├────────────────────────┼────────────────────┤
│    dt rollout/mean     │       27.747       │
├────────────────────────┼────────────────────┤
│test/AgChangeRatio/mean │        0.85        │
├────────────────────────┼────────────────────┤
│         epoch          │         48         │
├────────────────────────┼────────────────────┤
│      test/success      │       0.443        │
├────────────────────────┼────────────────────┤
│       timesteps        │       495000       │
├────────────────────────┼────────────────────┤
│          time          │     13955.780      │
├────────────────────────┼────────────────────┤
│       env steps        │       495000       │
├────────────────────────┼────────────────────┤
│       opt steps        │       245000       │
├────────────────────────┼────────────────────┤
│      replay size       │        9900        │
├────────────────────────┼────────────────────┤
│      replay fill       │       0.198        │
├────────────────────────┼────────────────────┤
│        dt epoch        │      282.121       │
╘════════════════════════╧════════════════════╛

Epoch 49: Iter (out of 10)= 0 1 2 3 4 5 6 7 8 9
Epoch 49 eval success rate 0.380
╒════════════════════════╤════════════════════╕
│train/AgChangeRatio/mean│       0.827        │
├────────────────────────┼────────────────────┤
│    loss actor/mean     │       19.379       │
├────────────────────────┼────────────────────┤
│     action l2/mean     │       0.385        │
├────────────────────────┼────────────────────┤
│       q pi/mean        │      -19.375       │
├────────────────────────┼────────────────────┤
│   dt trainIter/mean    │       0.056        │
├────────────────────────┼────────────────────┤
│   train/success/mean   │        0.28        │
├────────────────────────┼────────────────────┤
│    dt rollout/mean     │       28.285       │
├────────────────────────┼────────────────────┤
│test/AgChangeRatio/mean │       0.865        │
├────────────────────────┼────────────────────┤
│         epoch          │         49         │
├────────────────────────┼────────────────────┤
│      test/success      │       0.380        │
├────────────────────────┼────────────────────┤
│       timesteps        │       505000       │
├────────────────────────┼────────────────────┤
│          time          │     14243.215      │
├────────────────────────┼────────────────────┤
│       env steps        │       505000       │
├────────────────────────┼────────────────────┤
│       opt steps        │       250000       │
├────────────────────────┼────────────────────┤
│      replay size       │       10100        │
├────────────────────────┼────────────────────┤
│      replay fill       │       0.202        │
├────────────────────────┼────────────────────┤
│        dt epoch        │      287.435       │
╘════════════════════════╧════════════════════╛

Epoch 50: Iter (out of 10)= 0 1 2 3 4 5 6 7 8 9
Epoch 50 eval success rate 0.290
╒════════════════════════╤════════════════════╕
│train/AgChangeRatio/mean│       0.833        │
├────────────────────────┼────────────────────┤
│    loss actor/mean     │       19.761       │
├────────────────────────┼────────────────────┤
│     action l2/mean     │       0.368        │
├────────────────────────┼────────────────────┤
│       q pi/mean        │      -19.757       │
├────────────────────────┼────────────────────┤
│   dt trainIter/mean    │       0.055        │
├────────────────────────┼────────────────────┤
│   train/success/mean   │       0.285        │
├────────────────────────┼────────────────────┤
│    dt rollout/mean     │       27.814       │
├────────────────────────┼────────────────────┤
│test/AgChangeRatio/mean │       0.833        │
├────────────────────────┼────────────────────┤
│         epoch          │         50         │
├────────────────────────┼────────────────────┤
│      test/success      │       0.290        │
├────────────────────────┼────────────────────┤
│       timesteps        │       515000       │
├────────────────────────┼────────────────────┤
│          time          │     14526.153      │
├────────────────────────┼────────────────────┤
│       env steps        │       515000       │
├────────────────────────┼────────────────────┤
│       opt steps        │       255000       │
├────────────────────────┼────────────────────┤
│      replay size       │       10300        │
├────────────────────────┼────────────────────┤
│      replay fill       │       0.206        │
├────────────────────────┼────────────────────┤
│        dt epoch        │      282.938       │
╘════════════════════════╧════════════════════╛

Epoch 51: Iter (out of 10)= 0 1 2 3 4 5 6 7 8 9
Epoch 51 eval success rate 0.540
╒════════════════════════╤════════════════════╕
│train/AgChangeRatio/mean│       0.828        │
├────────────────────────┼────────────────────┤
│    loss actor/mean     │       18.997       │
├────────────────────────┼────────────────────┤
│     action l2/mean     │       0.388        │
├────────────────────────┼────────────────────┤
│       q pi/mean        │      -18.993       │
├────────────────────────┼────────────────────┤
│   dt trainIter/mean    │       0.057        │
├────────────────────────┼────────────────────┤
│   train/success/mean   │        0.26        │
├────────────────────────┼────────────────────┤
│    dt rollout/mean     │       28.61        │
├────────────────────────┼────────────────────┤
│test/AgChangeRatio/mean │       0.856        │
├────────────────────────┼────────────────────┤
│         epoch          │         51         │
├────────────────────────┼────────────────────┤
│      test/success      │       0.540        │
├────────────────────────┼────────────────────┤
│       timesteps        │       525000       │
├────────────────────────┼────────────────────┤
│          time          │     14817.095      │
├────────────────────────┼────────────────────┤
│       env steps        │       525000       │
├────────────────────────┼────────────────────┤
│       opt steps        │       260000       │
├────────────────────────┼────────────────────┤
│      replay size       │       10500        │
├────────────────────────┼────────────────────┤
│      replay fill       │       0.210        │
├────────────────────────┼────────────────────┤
│        dt epoch        │      290.942       │
╘════════════════════════╧════════════════════╛

Epoch 52: Iter (out of 10)= 0 1 2 3 4 5 6 7 8 9
Epoch 52 eval success rate 0.333
╒════════════════════════╤════════════════════╕
│train/AgChangeRatio/mean│       0.837        │
├────────────────────────┼────────────────────┤
│    loss actor/mean     │       20.797       │
├────────────────────────┼────────────────────┤
│     action l2/mean     │       0.381        │
├────────────────────────┼────────────────────┤
│       q pi/mean        │      -20.793       │
├────────────────────────┼────────────────────┤
│   dt trainIter/mean    │       0.055        │
├────────────────────────┼────────────────────┤
│   train/success/mean   │        0.17        │
├────────────────────────┼────────────────────┤
│    dt rollout/mean     │       27.753       │
├────────────────────────┼────────────────────┤
│test/AgChangeRatio/mean │       0.843        │
├────────────────────────┼────────────────────┤
│         epoch          │         52         │
├────────────────────────┼────────────────────┤
│      test/success      │       0.333        │
├────────────────────────┼────────────────────┤
│       timesteps        │       535000       │
├────────────────────────┼────────────────────┤
│          time          │     15099.278      │
├────────────────────────┼────────────────────┤
│       env steps        │       535000       │
├────────────────────────┼────────────────────┤
│       opt steps        │       265000       │
├────────────────────────┼────────────────────┤
│      replay size       │       10700        │
├────────────────────────┼────────────────────┤
│      replay fill       │       0.214        │
├────────────────────────┼────────────────────┤
│        dt epoch        │      282.183       │
╘════════════════════════╧════════════════════╛

Epoch 53: Iter (out of 10)= 0 1 2 3 4 5 6 7 8 9
