Epoch 0: Iter (out of 10)= 0 1 2 3 4 5 6 7 8 9
Epoch 0 eval success rate 0.023
╒════════════════════════╤════════════════════╕
│train/AgChangeRatio/mean│        0.07        │
├────────────────────────┼────────────────────┤
│   train/success/mean   │         0.         │
├────────────────────────┼────────────────────┤
│    loss actor/mean     │       0.817        │
├────────────────────────┼────────────────────┤
│     action l2/mean     │       0.359        │
├────────────────────────┼────────────────────┤
│       q pi/mean        │       -0.813       │
├────────────────────────┼────────────────────┤
│   dt trainIter/mean    │       0.057        │
├────────────────────────┼────────────────────┤
│    dt rollout/mean     │       28.889       │
├────────────────────────┼────────────────────┤
│test/AgChangeRatio/mean │       0.149        │
├────────────────────────┼────────────────────┤
│         epoch          │         0          │
├────────────────────────┼────────────────────┤
│      test/success      │       0.023        │
├────────────────────────┼────────────────────┤
│       timesteps        │       15000        │
├────────────────────────┼────────────────────┤
│          time          │      302.269       │
├────────────────────────┼────────────────────┤
│       env steps        │       15000        │
├────────────────────────┼────────────────────┤
│       opt steps        │        5000        │
├────────────────────────┼────────────────────┤
│      replay size       │        300         │
├────────────────────────┼────────────────────┤
│      replay fill       │       0.006        │
├────────────────────────┼────────────────────┤
│        dt epoch        │        None        │
╘════════════════════════╧════════════════════╛

Epoch 1: Iter (out of 10)= 0 1 2 3 4 5 6 7 8 